#
# There is insufficient memory for the Java Runtime Environment to continue.
# Native memory allocation (malloc) failed to allocate 32744 bytes for ChunkPool::allocate
# Possible reasons:
#   The system is out of physical RAM or swap space
#   The process is running with CompressedOops enabled, and the Java Heap may be blocking the growth of the native heap
# Possible solutions:
#   Reduce memory load on the system
#   Increase physical memory or swap space
#   Check if swap backing store is full
#   Decrease Java heap size (-Xmx/-Xms)
#   Decrease number of Java threads
#   Decrease Java thread stack sizes (-Xss)
#   Set larger code cache with -XX:ReservedCodeCacheSize=
#   JVM is running with Unscaled Compressed Oops mode in which the Java heap is
#     placed in the first 4GB address space. The Java Heap base address is the
#     maximum limit for the native heap growth. Please use -XX:HeapBaseMinAddress
#     to set the Java Heap base and to place the Java Heap above 4GB virtual address.
# This output file may be truncated or incomplete.
#
#  Out of Memory Error (allocation.cpp:272), pid=10764, tid=0x0000000000000e40
#
# JRE version: Java(TM) SE Runtime Environment (8.0_251-b08) (build 1.8.0_251-b08)
# Java VM: Java HotSpot(TM) 64-Bit Server VM (25.251-b08 mixed mode windows-amd64 compressed oops)
# Failed to write core dump. Minidumps are not enabled by default on client versions of Windows
#

---------------  T H R E A D  ---------------

Current thread (0x0000000017776800):  JavaThread "C2 CompilerThread1" daemon [_thread_in_native, id=3648, stack(0x0000000018000000,0x0000000018100000)]

Stack: [0x0000000018000000,0x0000000018100000]
[error occurred during error reporting (printing stack bounds), id 0xc0000005]

Native frames: (J=compiled Java code, j=interpreted, Vv=VM code, C=native code)


Current CompileTask:
C2:  38328 5785       4       org.springframework.core.annotation.AnnotationsScanner::scan (18 bytes)


---------------  P R O C E S S  ---------------

Java Threads: ( => current thread )
  0x000000001b427800 JavaThread "task-2" [_thread_blocked, id=7492, stack(0x0000000001220000,0x0000000001320000)]
  0x000000001b424800 JavaThread "HikariPool-1 housekeeper" daemon [_thread_blocked, id=13420, stack(0x00000000236c0000,0x00000000237c0000)]
  0x000000001b42b000 JavaThread "http-nio-8080-Acceptor" daemon [_thread_in_native, id=11924, stack(0x00000000265b0000,0x00000000266b0000)]
  0x000000001b423000 JavaThread "http-nio-8080-ClientPoller" daemon [_thread_in_native, id=12356, stack(0x00000000264b0000,0x00000000265b0000)]
  0x000000001b424000 JavaThread "http-nio-8080-exec-10" daemon [_thread_blocked, id=14692, stack(0x00000000263b0000,0x00000000264b0000)]
  0x000000001b42a000 JavaThread "http-nio-8080-exec-9" daemon [_thread_blocked, id=1860, stack(0x00000000262b0000,0x00000000263b0000)]
  0x00000000179d6000 JavaThread "http-nio-8080-exec-8" daemon [_thread_blocked, id=7044, stack(0x00000000261b0000,0x00000000262b0000)]
  0x00000000179d5800 JavaThread "http-nio-8080-exec-7" daemon [_thread_blocked, id=8032, stack(0x00000000260b0000,0x00000000261b0000)]
  0x00000000179d4800 JavaThread "http-nio-8080-exec-6" daemon [_thread_blocked, id=8048, stack(0x0000000025fb0000,0x00000000260b0000)]
  0x00000000179d9000 JavaThread "http-nio-8080-exec-5" daemon [_thread_blocked, id=10780, stack(0x0000000025eb0000,0x0000000025fb0000)]
  0x00000000179d8800 JavaThread "http-nio-8080-exec-4" daemon [_thread_blocked, id=14340, stack(0x0000000025db0000,0x0000000025eb0000)]
  0x00000000179d4000 JavaThread "http-nio-8080-exec-3" daemon [_thread_blocked, id=14724, stack(0x0000000025cb0000,0x0000000025db0000)]
  0x00000000179da800 JavaThread "http-nio-8080-exec-2" daemon [_thread_blocked, id=6680, stack(0x0000000022360000,0x0000000022460000)]
  0x00000000179d7000 JavaThread "http-nio-8080-exec-1" daemon [_thread_blocked, id=9028, stack(0x0000000022260000,0x0000000022360000)]
  0x00000000179d7800 JavaThread "http-nio-8080-BlockPoller" daemon [_thread_in_native, id=3552, stack(0x0000000021980000,0x0000000021a80000)]
  0x0000000019fff800 JavaThread "task-1" [_thread_blocked, id=3748, stack(0x00000000202b0000,0x00000000203b0000)]
  0x0000000018a95800 JavaThread "mysql-cj-abandoned-connection-cleanup" daemon [_thread_blocked, id=1804, stack(0x000000001eec0000,0x000000001efc0000)]
  0x000000001d607000 JavaThread "container-0" [_thread_blocked, id=8636, stack(0x000000001ab10000,0x000000001ac10000)]
  0x000000001bad4800 JavaThread "Catalina-utility-2" [_thread_blocked, id=14764, stack(0x000000001d3c0000,0x000000001d4c0000)]
  0x0000000017b8f800 JavaThread "Catalina-utility-1" [_thread_blocked, id=1192, stack(0x000000001be80000,0x000000001bf80000)]
  0x000000001780f000 JavaThread "Service Thread" daemon [_thread_blocked, id=13972, stack(0x0000000018200000,0x0000000018300000)]
  0x0000000017777000 JavaThread "C1 CompilerThread2" daemon [_thread_blocked, id=14008, stack(0x0000000018100000,0x0000000018200000)]
=>0x0000000017776800 JavaThread "C2 CompilerThread1" daemon [_thread_in_native, id=3648, stack(0x0000000018000000,0x0000000018100000)]
  0x0000000017775800 JavaThread "C2 CompilerThread0" daemon [_thread_in_native, id=2276, stack(0x0000000017f00000,0x0000000018000000)]
  0x0000000015645000 JavaThread "JDWP Command Reader" daemon [_thread_in_native, id=6644, stack(0x0000000017200000,0x0000000017300000)]
  0x0000000015638800 JavaThread "JDWP Event Helper Thread" daemon [_thread_blocked, id=13076, stack(0x0000000017100000,0x0000000017200000)]
  0x000000001562a000 JavaThread "JDWP Transport Listener: dt_socket" daemon [_thread_blocked, id=7012, stack(0x0000000017000000,0x0000000017100000)]
  0x000000001561f000 JavaThread "Attach Listener" daemon [_thread_blocked, id=8132, stack(0x0000000016bc0000,0x0000000016cc0000)]
  0x000000001561d800 JavaThread "Signal Dispatcher" daemon [_thread_blocked, id=7472, stack(0x0000000016ac0000,0x0000000016bc0000)]
  0x00000000030da800 JavaThread "Finalizer" daemon [_thread_blocked, id=11940, stack(0x0000000016890000,0x0000000016990000)]
  0x00000000030d7000 JavaThread "Reference Handler" daemon [_thread_blocked, id=8240, stack(0x0000000016790000,0x0000000016890000)]
  0x0000000002fe7000 JavaThread "main" [_thread_in_Java, id=6632, stack(0x0000000002d20000,0x0000000002e20000)]

Other Threads:
  0x00000000155d7800 VMThread [stack: 0x0000000016690000,0x0000000016790000] [id=10292]
  0x0000000017849800 WatcherThread [stack: 0x0000000018300000,0x0000000018400000] [id=5264]

VM state:not at safepoint (normal execution)

VM Mutex/Monitor currently owned by a thread: None

heap address: 0x00000000c2c00000, size: 980 MB, Compressed Oops mode: 32-bit
Narrow klass base: 0x0000000000000000, Narrow klass shift: 3
Compressed class space size: 1073741824 Address: 0x0000000100000000

Heap:
 PSYoungGen      total 247296K, used 143075K [0x00000000eb980000, 0x00000000fb780000, 0x0000000100000000)
  eden space 235520K, 60% used [0x00000000eb980000,0x00000000f4538ee0,0x00000000f9f80000)
  from space 11776K, 0% used [0x00000000f9f80000,0x00000000f9f80000,0x00000000fab00000)
  to   space 9728K, 0% used [0x00000000fab00000,0x00000000fab00000,0x00000000fb480000)
 ParOldGen       total 72704K, used 29316K [0x00000000c2c00000, 0x00000000c7300000, 0x00000000eb980000)
  object space 72704K, 40% used [0x00000000c2c00000,0x00000000c48a12e8,0x00000000c7300000)
 Metaspace       used 64636K, capacity 68118K, committed 68352K, reserved 1107968K
  class space    used 8532K, capacity 9095K, committed 9216K, reserved 1048576K

Card table byte_map: [0x00000000124a0000,0x0000000012690000] byte_map_base: 0x0000000011e8a000

Marking Bits: (ParMarkBitMap*) 0x000000005465af90
 Begin Bits: [0x0000000012be0000, 0x0000000013b30000)
 End Bits:   [0x0000000013b30000, 0x0000000014a80000)

Polling page: 0x0000000000e30000

CodeCache: size=245760Kb used=20103Kb max_used=20499Kb free=225656Kb
 bounds [0x00000000030e0000, 0x0000000004530000, 0x00000000120e0000]
 total_blobs=5713 nmethods=5138 adapters=495
 compilation: enabled

Compilation events (10 events):
Event: 38.224 Thread 0x0000000017777000 6103       2       sun.reflect.generics.parser.SignatureParser::parseIdentifier (115 bytes)
Event: 38.226 Thread 0x0000000017777000 nmethod 6103 0x00000000043fc610 code [0x00000000043fc800, 0x00000000043fcee8]
Event: 38.234 Thread 0x0000000017777000 6104       3       org.springframework.security.crypto.bcrypt.BCrypt::streamtowords (111 bytes)
Event: 38.235 Thread 0x0000000017777000 nmethod 6104 0x00000000043fbcd0 code [0x00000000043fbe60, 0x00000000043fc230]
Event: 38.235 Thread 0x0000000017777000 6105       3       org.springframework.security.crypto.bcrypt.BCrypt::streamtoword (17 bytes)
Event: 38.235 Thread 0x0000000017777000 nmethod 6105 0x0000000004130c90 code [0x0000000004130e00, 0x0000000004131048]
Event: 38.235 Thread 0x0000000017777000 6106       3       org.springframework.security.crypto.bcrypt.BCrypt::encipher (253 bytes)
Event: 38.236 Thread 0x0000000017777000 nmethod 6106 0x000000000338c390 code [0x000000000338c520, 0x000000000338c9b0]
Event: 38.249 Thread 0x0000000017777000 6108       3       org.springframework.security.crypto.bcrypt.BCrypt::key (196 bytes)
Event: 38.250 Thread 0x0000000017777000 nmethod 6108 0x0000000003e42210 code [0x0000000003e42420, 0x0000000003e42e18]

GC Heap History (10 events):
Event: 17.809 GC heap before
{Heap before GC invocations=12 (full 1):
 PSYoungGen      total 180224K, used 94783K [0x00000000eb980000, 0x00000000f7580000, 0x0000000100000000)
  eden space 173056K, 50% used [0x00000000eb980000,0x00000000f0f12b40,0x00000000f6280000)
  from space 7168K, 99% used [0x00000000f6d80000,0x00000000f747d168,0x00000000f7480000)
  to   space 9728K, 0% used [0x00000000f6280000,0x00000000f6280000,0x00000000f6c00000)
 ParOldGen       total 27648K, used 10030K [0x00000000c2c00000, 0x00000000c4700000, 0x00000000eb980000)
  object space 27648K, 36% used [0x00000000c2c00000,0x00000000c35cb990,0x00000000c4700000)
 Metaspace       used 33432K, capacity 35360K, committed 35496K, reserved 1081344K
  class space    used 4179K, capacity 4512K, committed 4608K, reserved 1048576K
Event: 17.840 GC heap after
Heap after GC invocations=12 (full 1):
 PSYoungGen      total 182784K, used 2779K [0x00000000eb980000, 0x00000000fb480000, 0x0000000100000000)
  eden space 173056K, 0% used [0x00000000eb980000,0x00000000eb980000,0x00000000f6280000)
  from space 9728K, 28% used [0x00000000f6280000,0x00000000f6536f98,0x00000000f6c00000)
  to   space 9728K, 0% used [0x00000000fab00000,0x00000000fab00000,0x00000000fb480000)
 ParOldGen       total 27648K, used 16056K [0x00000000c2c00000, 0x00000000c4700000, 0x00000000eb980000)
  object space 27648K, 58% used [0x00000000c2c00000,0x00000000c3bae398,0x00000000c4700000)
 Metaspace       used 33432K, capacity 35360K, committed 35496K, reserved 1081344K
  class space    used 4179K, capacity 4512K, committed 4608K, reserved 1048576K
}
Event: 17.840 GC heap before
{Heap before GC invocations=13 (full 2):
 PSYoungGen      total 182784K, used 2779K [0x00000000eb980000, 0x00000000fb480000, 0x0000000100000000)
  eden space 173056K, 0% used [0x00000000eb980000,0x00000000eb980000,0x00000000f6280000)
  from space 9728K, 28% used [0x00000000f6280000,0x00000000f6536f98,0x00000000f6c00000)
  to   space 9728K, 0% used [0x00000000fab00000,0x00000000fab00000,0x00000000fb480000)
 ParOldGen       total 27648K, used 16056K [0x00000000c2c00000, 0x00000000c4700000, 0x00000000eb980000)
  object space 27648K, 58% used [0x00000000c2c00000,0x00000000c3bae398,0x00000000c4700000)
 Metaspace       used 33432K, capacity 35360K, committed 35496K, reserved 1081344K
  class space    used 4179K, capacity 4512K, committed 4608K, reserved 1048576K
Event: 17.937 GC heap after
Heap after GC invocations=13 (full 2):
 PSYoungGen      total 182784K, used 0K [0x00000000eb980000, 0x00000000fb480000, 0x0000000100000000)
  eden space 173056K, 0% used [0x00000000eb980000,0x00000000eb980000,0x00000000f6280000)
  from space 9728K, 0% used [0x00000000f6280000,0x00000000f6280000,0x00000000f6c00000)
  to   space 9728K, 0% used [0x00000000fab00000,0x00000000fab00000,0x00000000fb480000)
 ParOldGen       total 45568K, used 12683K [0x00000000c2c00000, 0x00000000c5880000, 0x00000000eb980000)
  object space 45568K, 27% used [0x00000000c2c00000,0x00000000c3862fd8,0x00000000c5880000)
 Metaspace       used 33432K, capacity 35360K, committed 35496K, reserved 1081344K
  class space    used 4179K, capacity 4512K, committed 4608K, reserved 1048576K
}
Event: 25.224 GC heap before
{Heap before GC invocations=14 (full 2):
 PSYoungGen      total 182784K, used 173056K [0x00000000eb980000, 0x00000000fb480000, 0x0000000100000000)
  eden space 173056K, 100% used [0x00000000eb980000,0x00000000f6280000,0x00000000f6280000)
  from space 9728K, 0% used [0x00000000f6280000,0x00000000f6280000,0x00000000f6c00000)
  to   space 9728K, 0% used [0x00000000fab00000,0x00000000fab00000,0x00000000fb480000)
 ParOldGen       total 45568K, used 12683K [0x00000000c2c00000, 0x00000000c5880000, 0x00000000eb980000)
  object space 45568K, 27% used [0x00000000c2c00000,0x00000000c3862fd8,0x00000000c5880000)
 Metaspace       used 44197K, capacity 46552K, committed 46720K, reserved 1089536K
  class space    used 5763K, capacity 6176K, committed 6272K, reserved 1048576K
Event: 25.265 GC heap after
Heap after GC invocations=14 (full 2):
 PSYoungGen      total 245248K, used 9714K [0x00000000eb980000, 0x00000000fb780000, 0x0000000100000000)
  eden space 235520K, 0% used [0x00000000eb980000,0x00000000eb980000,0x00000000f9f80000)
  from space 9728K, 99% used [0x00000000fab00000,0x00000000fb47cac8,0x00000000fb480000)
  to   space 11776K, 0% used [0x00000000f9f80000,0x00000000f9f80000,0x00000000fab00000)
 ParOldGen       total 45568K, used 14710K [0x00000000c2c00000, 0x00000000c5880000, 0x00000000eb980000)
  object space 45568K, 32% used [0x00000000c2c00000,0x00000000c3a5dac0,0x00000000c5880000)
 Metaspace       used 44197K, capacity 46552K, committed 46720K, reserved 1089536K
  class space    used 5763K, capacity 6176K, committed 6272K, reserved 1048576K
}
Event: 33.180 GC heap before
{Heap before GC invocations=15 (full 2):
 PSYoungGen      total 245248K, used 200997K [0x00000000eb980000, 0x00000000fb780000, 0x0000000100000000)
  eden space 235520K, 81% used [0x00000000eb980000,0x00000000f744cc58,0x00000000f9f80000)
  from space 9728K, 99% used [0x00000000fab00000,0x00000000fb47cac8,0x00000000fb480000)
  to   space 11776K, 0% used [0x00000000f9f80000,0x00000000f9f80000,0x00000000fab00000)
 ParOldGen       total 45568K, used 14710K [0x00000000c2c00000, 0x00000000c5880000, 0x00000000eb980000)
  object space 45568K, 32% used [0x00000000c2c00000,0x00000000c3a5dac0,0x00000000c5880000)
 Metaspace       used 56154K, capacity 58902K, committed 59136K, reserved 1099776K
  class space    used 7361K, capacity 7835K, committed 7936K, reserved 1048576K
Event: 33.213 GC heap after
Heap after GC invocations=15 (full 2):
 PSYoungGen      total 247296K, used 11771K [0x00000000eb980000, 0x00000000fb780000, 0x0000000100000000)
  eden space 235520K, 0% used [0x00000000eb980000,0x00000000eb980000,0x00000000f9f80000)
  from space 11776K, 99% used [0x00000000f9f80000,0x00000000faafecd8,0x00000000fab00000)
  to   space 9728K, 0% used [0x00000000fab00000,0x00000000fab00000,0x00000000fb480000)
 ParOldGen       total 45568K, used 22437K [0x00000000c2c00000, 0x00000000c5880000, 0x00000000eb980000)
  object space 45568K, 49% used [0x00000000c2c00000,0x00000000c41e9600,0x00000000c5880000)
 Metaspace       used 56154K, capacity 58902K, committed 59136K, reserved 1099776K
  class space    used 7361K, capacity 7835K, committed 7936K, reserved 1048576K
}
Event: 33.213 GC heap before
{Heap before GC invocations=16 (full 3):
 PSYoungGen      total 247296K, used 11771K [0x00000000eb980000, 0x00000000fb780000, 0x0000000100000000)
  eden space 235520K, 0% used [0x00000000eb980000,0x00000000eb980000,0x00000000f9f80000)
  from space 11776K, 99% used [0x00000000f9f80000,0x00000000faafecd8,0x00000000fab00000)
  to   space 9728K, 0% used [0x00000000fab00000,0x00000000fab00000,0x00000000fb480000)
 ParOldGen       total 45568K, used 22437K [0x00000000c2c00000, 0x00000000c5880000, 0x00000000eb980000)
  object space 45568K, 49% used [0x00000000c2c00000,0x00000000c41e9600,0x00000000c5880000)
 Metaspace       used 56154K, capacity 58902K, committed 59136K, reserved 1099776K
  class space    used 7361K, capacity 7835K, committed 7936K, reserved 1048576K
Event: 33.472 GC heap after
Heap after GC invocations=16 (full 3):
 PSYoungGen      total 247296K, used 0K [0x00000000eb980000, 0x00000000fb780000, 0x0000000100000000)
  eden space 235520K, 0% used [0x00000000eb980000,0x00000000eb980000,0x00000000f9f80000)
  from space 11776K, 0% used [0x00000000f9f80000,0x00000000f9f80000,0x00000000fab00000)
  to   space 9728K, 0% used [0x00000000fab00000,0x00000000fab00000,0x00000000fb480000)
 ParOldGen       total 72704K, used 29316K [0x00000000c2c00000, 0x00000000c7300000, 0x00000000eb980000)
  object space 72704K, 40% used [0x00000000c2c00000,0x00000000c48a12e8,0x00000000c7300000)
 Metaspace       used 56154K, capacity 58902K, committed 59136K, reserved 1099776K
  class space    used 7361K, capacity 7835K, committed 7936K, reserved 1048576K
}

Deoptimization events (10 events):
Event: 38.132 Thread 0x0000000002fe7000 Uncommon trap: reason=unhandled action=none pc=0x00000000033604d4 method=java.net.URLClassLoader.findClass(Ljava/lang/String;)Ljava/lang/Class; @ 44
Event: 38.133 Thread 0x0000000002fe7000 Uncommon trap: reason=unhandled action=none pc=0x00000000033604d4 method=java.net.URLClassLoader.findClass(Ljava/lang/String;)Ljava/lang/Class; @ 44
Event: 38.134 Thread 0x0000000002fe7000 Uncommon trap: reason=unhandled action=none pc=0x00000000033604d4 method=java.net.URLClassLoader.findClass(Ljava/lang/String;)Ljava/lang/Class; @ 44
Event: 38.134 Thread 0x0000000002fe7000 Uncommon trap: reason=unhandled action=none pc=0x00000000033604d4 method=java.net.URLClassLoader.findClass(Ljava/lang/String;)Ljava/lang/Class; @ 44
Event: 38.137 Thread 0x0000000002fe7000 Uncommon trap: reason=unhandled action=none pc=0x00000000033604d4 method=java.net.URLClassLoader.findClass(Ljava/lang/String;)Ljava/lang/Class; @ 44
Event: 38.160 Thread 0x0000000002fe7000 Uncommon trap: reason=unhandled action=none pc=0x00000000033604d4 method=java.net.URLClassLoader.findClass(Ljava/lang/String;)Ljava/lang/Class; @ 44
Event: 38.167 Thread 0x0000000002fe7000 Uncommon trap: reason=unhandled action=none pc=0x00000000033604d4 method=java.net.URLClassLoader.findClass(Ljava/lang/String;)Ljava/lang/Class; @ 44
Event: 38.168 Thread 0x0000000002fe7000 Uncommon trap: reason=range_check action=none pc=0x00000000034c471c method=sun.reflect.generics.parser.SignatureParser.current()C @ 34
Event: 38.216 Thread 0x0000000002fe7000 Uncommon trap: reason=range_check action=none pc=0x00000000034c471c method=sun.reflect.generics.parser.SignatureParser.current()C @ 34
Event: 38.222 Thread 0x0000000002fe7000 Uncommon trap: reason=unhandled action=none pc=0x00000000033604d4 method=java.net.URLClassLoader.findClass(Ljava/lang/String;)Ljava/lang/Class; @ 44

Classes redefined (0 events):
No events

Internal exceptions (10 events):
Event: 37.081 Thread 0x0000000002fe7000 Exception <a 'java/lang/ClassNotFoundException': com/douineau/model/security/RoleCustomizer> (0x00000000f206e840) thrown at [C:\jenkins\workspace\8-2-build-windows-amd64-cygwin\jdk8u251\737\hotspot\src\share\vm\classfile\systemDictionary.cpp, line 210]
Event: 37.257 Thread 0x0000000002fe7000 Exception <a 'java/lang/ArrayIndexOutOfBoundsException': 59> (0x00000000f26c3910) thrown at [C:\jenkins\workspace\8-2-build-windows-amd64-cygwin\jdk8u251\737\hotspot\src\share\vm\interpreter\interpreterRuntime.cpp, line 368]
Event: 37.288 Thread 0x0000000002fe7000 Exception <a 'java/lang/ClassNotFoundException': java/lang/ObjectCustomizer> (0x00000000f27b2c58) thrown at [C:\jenkins\workspace\8-2-build-windows-amd64-cygwin\jdk8u251\737\hotspot\src\share\vm\classfile\systemDictionary.cpp, line 210]
Event: 37.289 Thread 0x0000000002fe7000 Exception <a 'java/lang/ClassNotFoundException': com/douineau/model/AbstractEntityCustomizer> (0x00000000f27c9838) thrown at [C:\jenkins\workspace\8-2-build-windows-amd64-cygwin\jdk8u251\737\hotspot\src\share\vm\classfile\systemDictionary.cpp, line 210]
Event: 37.293 Thread 0x0000000002fe7000 Exception <a 'java/lang/ClassNotFoundException': com/douineau/model/security/PermissionCustomizer> (0x00000000f27ec400) thrown at [C:\jenkins\workspace\8-2-build-windows-amd64-cygwin\jdk8u251\737\hotspot\src\share\vm\classfile\systemDictionary.cpp, line 2
Event: 37.307 Thread 0x0000000002fe7000 Exception <a 'java/lang/ArrayIndexOutOfBoundsException': 59> (0x00000000f27fbb80) thrown at [C:\jenkins\workspace\8-2-build-windows-amd64-cygwin\jdk8u251\737\hotspot\src\share\vm\interpreter\interpreterRuntime.cpp, line 368]
Event: 37.319 Thread 0x0000000002fe7000 Exception <a 'java/lang/ArrayIndexOutOfBoundsException': 183> (0x00000000f282d630) thrown at [C:\jenkins\workspace\8-2-build-windows-amd64-cygwin\jdk8u251\737\hotspot\src\share\vm\interpreter\interpreterRuntime.cpp, line 368]
Event: 38.081 Thread 0x0000000002fe7000 Exception <a 'java/lang/NoSuchMethodError': java.lang.Object.lambda$static$0(Lorg/hibernate/type/EntityType;Ljava/lang/Object;Lorg/hibernate/engine/spi/SharedSessionContractImplementor;Ljava/lang/Object;Ljava/lang/Boolean;)Ljava/lang/Object;> (0x00000000f
Event: 38.168 Thread 0x0000000002fe7000 Exception <a 'java/lang/ArrayIndexOutOfBoundsException': 76> (0x00000000f42ef500) thrown at [C:\jenkins\workspace\8-2-build-windows-amd64-cygwin\jdk8u251\737\hotspot\src\share\vm\interpreter\interpreterRuntime.cpp, line 368]
Event: 38.216 Thread 0x0000000002fe7000 Exception <a 'java/lang/ArrayIndexOutOfBoundsException': 82> (0x00000000f4311208) thrown at [C:\jenkins\workspace\8-2-build-windows-amd64-cygwin\jdk8u251\737\hotspot\src\share\vm\interpreter\interpreterRuntime.cpp, line 368]

Events (10 events):
Event: 38.216 Thread 0x0000000002fe7000 Uncommon trap: trap_request=0xffffffe7 fr.pc=0x00000000034c471c
Event: 38.216 Thread 0x0000000002fe7000 DEOPT PACKING pc=0x00000000034c471c sp=0x0000000002e1c7a0
Event: 38.216 Thread 0x0000000002fe7000 DEOPT UNPACKING pc=0x000000000312583b sp=0x0000000002e1c738 mode 2
Event: 38.222 loading class org/springframework/security/crypto/bcrypt/BCrypt
Event: 38.222 loading class org/springframework/security/crypto/bcrypt/BCrypt done
Event: 38.222 Thread 0x0000000002fe7000 Uncommon trap: trap_request=0xffffffa7 fr.pc=0x00000000033604d4
Event: 38.222 Thread 0x0000000002fe7000 DEOPT PACKING pc=0x00000000033604d4 sp=0x0000000002e1cf10
Event: 38.222 Thread 0x0000000002fe7000 DEOPT UNPACKING pc=0x000000000312583b sp=0x0000000002e1cea8 mode 2
Event: 38.222 Thread 0x0000000002fe7000 DEOPT PACKING pc=0x0000000004334348 sp=0x0000000002e1cf50
Event: 38.222 Thread 0x0000000002fe7000 DEOPT UNPACKING pc=0x0000000003127490 sp=0x0000000002e1cb78 mode 1


Dynamic libraries:
0x00007ff76ac80000 - 0x00007ff76acb7000 	C:\Program Files\Java\jdk1.8.0_251\bin\javaw.exe
0x00007ffc8f620000 - 0x00007ffc8f810000 	C:\WINDOWS\SYSTEM32\ntdll.dll
0x00007ffc8ee60000 - 0x00007ffc8ef12000 	C:\WINDOWS\System32\KERNEL32.DLL
0x00007ffc8d010000 - 0x00007ffc8d2b5000 	C:\WINDOWS\System32\KERNELBASE.dll
0x00007ffc8e3c0000 - 0x00007ffc8e463000 	C:\WINDOWS\System32\ADVAPI32.dll
0x00007ffc8d7a0000 - 0x00007ffc8d83e000 	C:\WINDOWS\System32\msvcrt.dll
0x00007ffc8edc0000 - 0x00007ffc8ee57000 	C:\WINDOWS\System32\sechost.dll
0x00007ffc8d9a0000 - 0x00007ffc8dac0000 	C:\WINDOWS\System32\RPCRT4.dll
0x00007ffc8e220000 - 0x00007ffc8e3b4000 	C:\WINDOWS\System32\USER32.dll
0x00007ffc8d500000 - 0x00007ffc8d521000 	C:\WINDOWS\System32\win32u.dll
0x00007ffc8d970000 - 0x00007ffc8d996000 	C:\WINDOWS\System32\GDI32.dll
0x00007ffc8d530000 - 0x00007ffc8d6c6000 	C:\WINDOWS\System32\gdi32full.dll
0x00007ffc8d2c0000 - 0x00007ffc8d35e000 	C:\WINDOWS\System32\msvcp_win.dll
0x00007ffc8cf10000 - 0x00007ffc8d00a000 	C:\WINDOWS\System32\ucrtbase.dll
0x00007ffc75880000 - 0x00007ffc75b04000 	C:\WINDOWS\WinSxS\amd64_microsoft.windows.common-controls_6595b64144ccf1df_6.0.18362.1139_none_9e7bf2d3e4605ac6\COMCTL32.dll
0x00007ffc8ef20000 - 0x00007ffc8f255000 	C:\WINDOWS\System32\combase.dll
0x00007ffc8c610000 - 0x00007ffc8c690000 	C:\WINDOWS\System32\bcryptPrimitives.dll
0x00007ffc8d940000 - 0x00007ffc8d96e000 	C:\WINDOWS\System32\IMM32.DLL
0x0000000053c70000 - 0x0000000053d42000 	C:\Program Files\Java\jdk1.8.0_251\jre\bin\msvcr100.dll
0x0000000053e30000 - 0x00000000546db000 	C:\Program Files\Java\jdk1.8.0_251\jre\bin\server\jvm.dll
0x00007ffc8d8d0000 - 0x00007ffc8d8d8000 	C:\WINDOWS\System32\PSAPI.DLL
0x00007ffc85230000 - 0x00007ffc85239000 	C:\WINDOWS\SYSTEM32\WSOCK32.dll
0x00007ffc8e0c0000 - 0x00007ffc8e12f000 	C:\WINDOWS\System32\WS2_32.dll
0x00007ffc89cb0000 - 0x00007ffc89cd4000 	C:\WINDOWS\SYSTEM32\WINMM.dll
0x00007ffc85af0000 - 0x00007ffc85afa000 	C:\WINDOWS\SYSTEM32\VERSION.dll
0x00007ffc897e0000 - 0x00007ffc8980d000 	C:\WINDOWS\SYSTEM32\WINMMBASE.dll
0x00007ffc8cec0000 - 0x00007ffc8cf0a000 	C:\WINDOWS\System32\cfgmgr32.dll
0x00007ffc86ff0000 - 0x00007ffc86fff000 	C:\Program Files\Java\jdk1.8.0_251\jre\bin\verify.dll
0x00007ffc75c00000 - 0x00007ffc75c29000 	C:\Program Files\Java\jdk1.8.0_251\jre\bin\java.dll
0x00007ffc77570000 - 0x00007ffc775a5000 	C:\Program Files\Java\jdk1.8.0_251\jre\bin\jdwp.dll
0x00007ffc89fd0000 - 0x00007ffc89fd8000 	C:\Program Files\Java\jdk1.8.0_251\jre\bin\npt.dll
0x00007ffc82050000 - 0x00007ffc82073000 	C:\Program Files\Java\jdk1.8.0_251\jre\bin\instrument.dll
0x00007ffc86240000 - 0x00007ffc86256000 	C:\Program Files\Java\jdk1.8.0_251\jre\bin\zip.dll
0x00007ffc8e6d0000 - 0x00007ffc8edb7000 	C:\WINDOWS\System32\SHELL32.dll
0x00007ffc8e620000 - 0x00007ffc8e6c9000 	C:\WINDOWS\System32\shcore.dll
0x00007ffc8c690000 - 0x00007ffc8ce10000 	C:\WINDOWS\System32\windows.storage.dll
0x00007ffc8c4f0000 - 0x00007ffc8c513000 	C:\WINDOWS\System32\profapi.dll
0x00007ffc8c520000 - 0x00007ffc8c56a000 	C:\WINDOWS\System32\powrprof.dll
0x00007ffc8c4e0000 - 0x00007ffc8c4f0000 	C:\WINDOWS\System32\UMPDC.dll
0x00007ffc8e1a0000 - 0x00007ffc8e1f2000 	C:\WINDOWS\System32\shlwapi.dll
0x00007ffc8c590000 - 0x00007ffc8c5a1000 	C:\WINDOWS\System32\kernel.appcore.dll
0x00007ffc8d390000 - 0x00007ffc8d3a7000 	C:\WINDOWS\System32\cryptsp.dll
0x00007ffc89f90000 - 0x00007ffc89f99000 	C:\Program Files\Java\jdk1.8.0_251\jre\bin\dt_socket.dll
0x00007ffc71a00000 - 0x00007ffc71a16000 	C:\WINDOWS\system32\napinsp.dll
0x00007ffc71530000 - 0x00007ffc7154a000 	C:\WINDOWS\system32\pnrpnsp.dll
0x00007ffc8bcd0000 - 0x00007ffc8bd37000 	C:\WINDOWS\System32\mswsock.dll
0x00007ffc8ba20000 - 0x00007ffc8baeb000 	C:\WINDOWS\SYSTEM32\DNSAPI.dll
0x00007ffc8d840000 - 0x00007ffc8d848000 	C:\WINDOWS\System32\NSI.dll
0x00007ffc8b9e0000 - 0x00007ffc8ba1a000 	C:\WINDOWS\SYSTEM32\IPHLPAPI.DLL
0x00007ffc714c0000 - 0x00007ffc714ce000 	C:\WINDOWS\System32\winrnr.dll
0x00007ffc88090000 - 0x00007ffc880ac000 	C:\WINDOWS\system32\NLAapi.dll
0x00007ffc86f30000 - 0x00007ffc86f45000 	C:\WINDOWS\system32\wshbth.dll
0x00007ffc813a0000 - 0x00007ffc81417000 	C:\WINDOWS\System32\fwpuclnt.dll
0x00007ffc8d360000 - 0x00007ffc8d386000 	C:\WINDOWS\System32\bcrypt.dll
0x00007ffc79700000 - 0x00007ffc7970a000 	C:\Windows\System32\rasadhlp.dll
0x00007ffc89fc0000 - 0x00007ffc89fcd000 	C:\Program Files\Java\jdk1.8.0_251\jre\bin\management.dll
0x00007ffc85840000 - 0x00007ffc8585a000 	C:\Program Files\Java\jdk1.8.0_251\jre\bin\net.dll
0x00007ffc7bef0000 - 0x00007ffc7bf02000 	C:\Program Files\Java\jdk1.8.0_251\jre\bin\nio.dll
0x00007ffc8b840000 - 0x00007ffc8b873000 	C:\WINDOWS\system32\rsaenh.dll
0x00007ffc8c400000 - 0x00007ffc8c425000 	C:\WINDOWS\SYSTEM32\USERENV.dll
0x00007ffc8bea0000 - 0x00007ffc8beac000 	C:\WINDOWS\SYSTEM32\CRYPTBASE.dll
0x00007ffc82190000 - 0x00007ffc821a6000 	C:\WINDOWS\SYSTEM32\dhcpcsvc6.DLL
0x00007ffc82950000 - 0x00007ffc8296c000 	C:\WINDOWS\SYSTEM32\dhcpcsvc.DLL
0x00007ffc6a210000 - 0x00007ffc6a234000 	C:\Program Files\Java\jdk1.8.0_251\jre\bin\sunec.dll
0x00007ffc89fb0000 - 0x00007ffc89fbc000 	C:\Program Files\Java\jdk1.8.0_251\jre\bin\sunmscapi.dll
0x00007ffc8d3b0000 - 0x00007ffc8d4f9000 	C:\WINDOWS\System32\CRYPT32.dll
0x00007ffc8c570000 - 0x00007ffc8c582000 	C:\WINDOWS\System32\MSASN1.dll
0x00007ffc8bfa0000 - 0x00007ffc8bfc6000 	C:\WINDOWS\SYSTEM32\ncrypt.dll
0x00007ffc8bf60000 - 0x00007ffc8bf9b000 	C:\WINDOWS\SYSTEM32\NTASN1.dll

VM Arguments:
jvm_args: -agentlib:jdwp=transport=dt_socket,suspend=y,address=localhost:57884 -javaagent:C:\Users\josselin.douineau\eclipse\jee-2020-03\eclipse\configuration\org.eclipse.osgi\411\0\.cp\lib\javaagent-shaded.jar -Dfile.encoding=UTF-8 
java_command: com.douineau.SpringbootApplication
java_class_path (initial): C:\Users\josselin.douineau\projects\springboot-ioc-web-data-security-aop-batch\target\classes;C:\Users\josselin.douineau\.m2\repository\org\springframework\boot\spring-boot-starter-data-jpa\2.4.0\spring-boot-starter-data-jpa-2.4.0.jar;C:\Users\josselin.douineau\.m2\repository\org\springframework\boot\spring-boot-starter-jdbc\2.4.0\spring-boot-starter-jdbc-2.4.0.jar;C:\Users\josselin.douineau\.m2\repository\com\zaxxer\HikariCP\3.4.5\HikariCP-3.4.5.jar;C:\Users\josselin.douineau\.m2\repository\org\springframework\spring-jdbc\5.3.1\spring-jdbc-5.3.1.jar;C:\Users\josselin.douineau\.m2\repository\jakarta\transaction\jakarta.transaction-api\1.3.3\jakarta.transaction-api-1.3.3.jar;C:\Users\josselin.douineau\.m2\repository\jakarta\persistence\jakarta.persistence-api\2.2.3\jakarta.persistence-api-2.2.3.jar;C:\Users\josselin.douineau\.m2\repository\org\hibernate\hibernate-core\5.4.23.Final\hibernate-core-5.4.23.Final.jar;C:\Users\josselin.douineau\.m2\repository\org\jboss\logging\jboss-logging\3.4.1.Final\jboss-logging-3.4.1.Final.jar;C:\Users\josselin.douineau\.m2\repository\org\javassist\javassist\3.24.0-GA\javassist-3.24.0-GA.jar;C:\Users\josselin.douineau\.m2\repository\net\bytebuddy\byte-buddy\1.10.18\byte-buddy-1.10.18.jar;C:\Users\josselin.douineau\.m2\repository\antlr\antlr\2.7.7\antlr-2.7.7.jar;C:\Users\josselin.douineau\.m2\repository\org\jboss\jandex\2.1.3.Final\jandex-2.1.3.Final.jar;C:\Users\josselin.douineau\.m2\repository\com\fasterxml\classmate\1.5.1\classmate-1.5.1.jar;C:\Users\josselin.douineau\.m2\repository\org\dom4j\dom4j\2.1.3\dom4j-2.1.3.jar;C:\Users\josselin.douineau\.m2\repository\org\hibernate\common\hibernate-commons-annotations\5.1.2.Final\hibernate-commons-annotations-5.1.2.Final.jar;C:\Users\josselin.douineau\.m2\repository\org\glassfish\jaxb\jaxb-runtime\2.3.3\jaxb-runtime-2.3.3.jar;C:\Users\josselin.douineau\.m2\repository\org\glassfish\jaxb\txw2\2.3.3\txw2-2.3.3.jar;C:\Users\josselin.douineau\.m2\repository\com\sun
Launcher Type: SUN_STANDARD

Environment Variables:
JAVA_HOME=C:\Program Files\Java\jdk1.8.0_251
PATH=C:\Program Files\Java\jdk1.8.0_251\jre\bin;C:/Program Files/Java/jdk1.8.0_251/bin/../jre/bin/server;C:/Program Files/Java/jdk1.8.0_251/bin/../jre/bin;C:/Program Files/Java/jdk1.8.0_251/bin/../jre/lib/amd64;C:\Program Files\Java\jdk1.8.0_251\bin;C:\Program Files\JetBrains\IntelliJ IDEA 2020.1.1\bin;;C:\Program Files\Git\bin;C:\Program Files\apache-maven-3.6.3\bin;C:\Users\josselin.douineau\Desktop;
USERNAME=josselin.douineau
OS=Windows_NT
PROCESSOR_IDENTIFIER=Intel64 Family 6 Model 122 Stepping 1, GenuineIntel



---------------  S Y S T E M  ---------------

OS: Windows 10.0 , 64 bit Build 18362 (10.0.18362.1110)

CPU:total 4 (initial active 4) (4 cores per cpu, 1 threads per core) family 6 model 122 stepping 1, cmov, cx8, fxsr, mmx, sse, sse2, sse3, ssse3, sse4.1, sse4.2, popcnt, aes, clmul, erms, 3dnowpref, tsc, tscinvbit

Memory: 4k page, physical 4011892k(303052k free), swap 11482224k(4220k free)

vm_info: Java HotSpot(TM) 64-Bit Server VM (25.251-b08) for windows-amd64 JRE (1.8.0_251-b08), built on Mar 12 2020 06:31:49 by "" with MS VC++ 10.0 (VS2010)

time: Thu Dec 03 23:19:14 2020
timezone: Paris, Madrid
elapsed time: 38 seconds (0d 0h 0m 38s)

