#
# A fatal error has been detected by the Java Runtime Environment:
#
#  Internal Error (javaCalls.cpp:51), pid=1168, tid=0x0000000000001e30
#  guarantee(thread->is_Java_thread()) failed: crucial check - the VM thread cannot and must not escape to Java code
#
# JRE version: Java(TM) SE Runtime Environment (8.0_251-b08) (build 1.8.0_251-b08)
# Java VM: Java HotSpot(TM) 64-Bit Server VM (25.251-b08 mixed mode windows-amd64 compressed oops)
# Failed to write core dump. Minidumps are not enabled by default on client versions of Windows
#
# If you would like to submit a bug report, please visit:
#   http://bugreport.java.com/bugreport/crash.jsp
#

---------------  T H R E A D  ---------------

Current thread (0x00000000151d7800):  VMThread [stack: 0x0000000016260000,0x0000000016360000] [id=7728]

Stack: [0x0000000016260000,0x0000000016360000]
[error occurred during error reporting (printing stack bounds), id 0xc0000005]

Native frames: (J=compiled Java code, j=interpreted, Vv=VM code, C=native code)

VM_Operation (0x0000000016ccf400): GetOrSetLocal, mode: safepoint, requested by thread 0x000000001521a800


---------------  P R O C E S S  ---------------

Java Threads: ( => current thread )
  0x000000001855a000 JavaThread "DestroyJavaVM" [_thread_blocked, id=9520, stack(0x00000000028e0000,0x00000000029e0000)]
  0x0000000018553000 JavaThread "HikariPool-1 housekeeper" daemon [_thread_blocked, id=964, stack(0x0000000020390000,0x0000000020490000)]
  0x0000000018556000 JavaThread "http-nio-8080-Acceptor" daemon [_thread_in_native, id=2244, stack(0x0000000023350000,0x0000000023450000)]
  0x0000000018554000 JavaThread "http-nio-8080-ClientPoller" daemon [_thread_in_native, id=12076, stack(0x0000000023250000,0x0000000023350000)]
  0x0000000018557000 JavaThread "http-nio-8080-exec-10" daemon [_thread_blocked, id=6080, stack(0x0000000023050000,0x0000000023150000)]
  0x000000001854f800 JavaThread "http-nio-8080-exec-9" daemon [_thread_blocked, id=13580, stack(0x0000000022f50000,0x0000000023050000)]
  0x0000000018551800 JavaThread "http-nio-8080-exec-8" daemon [_thread_blocked, id=5024, stack(0x0000000022e50000,0x0000000022f50000)]
  0x000000001854e800 JavaThread "http-nio-8080-exec-7" daemon [_thread_blocked, id=7348, stack(0x0000000022d50000,0x0000000022e50000)]
  0x0000000018551000 JavaThread "http-nio-8080-exec-6" daemon [_thread_blocked, id=9524, stack(0x0000000022c50000,0x0000000022d50000)]
  0x0000000018555800 JavaThread "http-nio-8080-exec-5" daemon [_thread_blocked, id=10120, stack(0x0000000022b50000,0x0000000022c50000)]
  0x0000000018554800 JavaThread "http-nio-8080-exec-4" daemon [_thread_blocked, id=13456, stack(0x0000000022a50000,0x0000000022b50000)]
  0x000000001ce94800 JavaThread "http-nio-8080-exec-3" daemon [_thread_blocked, id=12864, stack(0x0000000022950000,0x0000000022a50000)]
  0x000000001ce96800 JavaThread "http-nio-8080-exec-2" daemon [_thread_blocked, id=4024, stack(0x0000000022850000,0x0000000022950000)]
  0x000000001ce97800 JavaThread "http-nio-8080-exec-1" daemon [_thread_blocked, id=7700, stack(0x0000000022750000,0x0000000022850000)]
  0x000000001ce96000 JavaThread "http-nio-8080-BlockPoller" daemon [_thread_in_native, id=2292, stack(0x0000000022650000,0x0000000022750000)]
  0x000000001d1de800 JavaThread "mysql-cj-abandoned-connection-cleanup" daemon [_thread_blocked, id=9256, stack(0x000000001ff90000,0x0000000020090000)]
  0x000000001bd69800 JavaThread "container-0" [_thread_blocked, id=12340, stack(0x000000001a990000,0x000000001aa90000)]
  0x0000000017508000 JavaThread "Catalina-utility-2" [_thread_blocked, id=10508, stack(0x000000001a600000,0x000000001a700000)]
  0x000000001c994000 JavaThread "Catalina-utility-1" [_thread_blocked, id=9496, stack(0x0000000019110000,0x0000000019210000)]
  0x00000000173d5000 JavaThread "Service Thread" daemon [_thread_blocked, id=272, stack(0x0000000017dd0000,0x0000000017ed0000)]
  0x000000001733a000 JavaThread "C1 CompilerThread2" daemon [_thread_blocked, id=5128, stack(0x0000000017cd0000,0x0000000017dd0000)]
  0x0000000017338000 JavaThread "C2 CompilerThread1" daemon [_thread_blocked, id=3932, stack(0x0000000017bd0000,0x0000000017cd0000)]
  0x0000000017337800 JavaThread "C2 CompilerThread0" daemon [_thread_blocked, id=7064, stack(0x0000000017ad0000,0x0000000017bd0000)]
  0x0000000015239000 JavaThread "JDWP Command Reader" daemon [_thread_in_native, id=4620, stack(0x0000000016dd0000,0x0000000016ed0000)]
  0x0000000015236000 JavaThread "JDWP Event Helper Thread" daemon [_thread_blocked, id=3688, stack(0x0000000016cd0000,0x0000000016dd0000)]
  0x000000001521a800 JavaThread "JDWP Transport Listener: dt_socket" daemon [_thread_blocked, id=9788, stack(0x0000000016bd0000,0x0000000016cd0000)]
  0x0000000015216000 JavaThread "Attach Listener" daemon [_thread_blocked, id=9552, stack(0x0000000016790000,0x0000000016890000)]
  0x0000000015223800 JavaThread "Signal Dispatcher" daemon [_thread_blocked, id=14160, stack(0x0000000016690000,0x0000000016790000)]
  0x0000000002cda800 JavaThread "Finalizer" daemon [_thread_blocked, id=12420, stack(0x0000000016460000,0x0000000016560000)]
  0x0000000002cd7000 JavaThread "Reference Handler" daemon [_thread_blocked, id=9504, stack(0x0000000016360000,0x0000000016460000)]

Other Threads:
=>0x00000000151d7800 VMThread [stack: 0x0000000016260000,0x0000000016360000] [id=7728]
  0x000000001746e000 WatcherThread [stack: 0x0000000017ed0000,0x0000000017fd0000] [id=11948]

VM state:at safepoint (normal execution)

VM Mutex/Monitor currently owned by a thread:  ([mutex/lock_event])
[0x0000000002be42a0] Threads_lock - owner thread: 0x00000000151d7800

heap address: 0x00000000c2c00000, size: 980 MB, Compressed Oops mode: 32-bit
Narrow klass base: 0x0000000000000000, Narrow klass shift: 3
Compressed class space size: 1073741824 Address: 0x0000000100000000

Heap:
 PSYoungGen      total 237568K, used 127757K [0x00000000eb980000, 0x00000000ffc80000, 0x0000000100000000)
  eden space 226304K, 56% used [0x00000000eb980000,0x00000000f3643690,0x00000000f9680000)
  from space 11264K, 0% used [0x00000000f9680000,0x00000000f9680000,0x00000000fa180000)
  to   space 16384K, 0% used [0x00000000fec80000,0x00000000fec80000,0x00000000ffc80000)
 ParOldGen       total 78848K, used 30299K [0x00000000c2c00000, 0x00000000c7900000, 0x00000000eb980000)
  object space 78848K, 38% used [0x00000000c2c00000,0x00000000c4996c48,0x00000000c7900000)
 Metaspace       used 63001K, capacity 66422K, committed 66560K, reserved 1107968K
  class space    used 8398K, capacity 8947K, committed 8960K, reserved 1048576K

Card table byte_map: [0x00000000120a0000,0x0000000012290000] byte_map_base: 0x0000000011a8a000

Marking Bits: (ParMarkBitMap*) 0x000000005465af90
 Begin Bits: [0x00000000127e0000, 0x0000000013730000)
 End Bits:   [0x0000000013730000, 0x0000000014680000)

Polling page: 0x0000000000b10000

CodeCache: size=245760Kb used=16257Kb max_used=16913Kb free=229502Kb
 bounds [0x0000000002ce0000, 0x0000000003da0000, 0x0000000011ce0000]
 total_blobs=5619 nmethods=5044 adapters=495
 compilation: enabled

Compilation events (10 events):
Event: 190.695 Thread 0x0000000017338000 nmethod 5905 0x00000000033b88d0 code [0x00000000033b8a20, 0x00000000033b8b48]
Event: 190.698 Thread 0x0000000017337800 nmethod 5906 0x00000000032fc290 code [0x00000000032fc3e0, 0x00000000032fc688]
Event: 190.698 Thread 0x000000001733a000 5907       3       sun.nio.cs.UTF_8$Decoder::decodeLoop (28 bytes)
Event: 190.698 Thread 0x000000001733a000 nmethod 5907 0x0000000002f428d0 code [0x0000000002f42a60, 0x0000000002f42fb8]
Event: 190.715 Thread 0x000000001733a000 5908       3       org.apache.catalina.connector.RequestFacade::getMethod (31 bytes)
Event: 190.715 Thread 0x000000001733a000 nmethod 5908 0x0000000002f42090 code [0x0000000002f42240, 0x0000000002f426c8]
Event: 190.716 Thread 0x000000001733a000 5909       3       javax.servlet.ServletRequestWrapper::getAttribute (11 bytes)
Event: 190.716 Thread 0x000000001733a000 nmethod 5909 0x0000000002fbb250 code [0x0000000002fbb3c0, 0x0000000002fbb5e8]
Event: 190.718 Thread 0x000000001733a000 5910       1       java.lang.reflect.Proxy$Key2::hashCode (5 bytes)
Event: 190.718 Thread 0x000000001733a000 nmethod 5910 0x0000000003013fd0 code [0x0000000003014120, 0x0000000003014230]

GC Heap History (10 events):
Event: 10.971 GC heap before
{Heap before GC invocations=12 (full 1):
 PSYoungGen      total 176640K, used 67936K [0x00000000eb980000, 0x00000000f7180000, 0x0000000100000000)
  eden space 168960K, 35% used [0x00000000eb980000,0x00000000ef45c888,0x00000000f5e80000)
  from space 7680K, 99% used [0x00000000f6880000,0x00000000f6ffb888,0x00000000f7000000)
  to   space 9728K, 0% used [0x00000000f5e80000,0x00000000f5e80000,0x00000000f6800000)
 ParOldGen       total 29184K, used 9181K [0x00000000c2c00000, 0x00000000c4880000, 0x00000000eb980000)
  object space 29184K, 31% used [0x00000000c2c00000,0x00000000c34f75a8,0x00000000c4880000)
 Metaspace       used 33320K, capacity 35364K, committed 35496K, reserved 1081344K
  class space    used 4213K, capacity 4562K, committed 4608K, reserved 1048576K
Event: 10.993 GC heap after
Heap after GC invocations=12 (full 1):
 PSYoungGen      total 178688K, used 2629K [0x00000000eb980000, 0x00000000fab00000, 0x0000000100000000)
  eden space 168960K, 0% used [0x00000000eb980000,0x00000000eb980000,0x00000000f5e80000)
  from space 9728K, 27% used [0x00000000f5e80000,0x00000000f6111490,0x00000000f6800000)
  to   space 9216K, 0% used [0x00000000fa200000,0x00000000fa200000,0x00000000fab00000)
 ParOldGen       total 29184K, used 15510K [0x00000000c2c00000, 0x00000000c4880000, 0x00000000eb980000)
  object space 29184K, 53% used [0x00000000c2c00000,0x00000000c3b259b8,0x00000000c4880000)
 Metaspace       used 33320K, capacity 35364K, committed 35496K, reserved 1081344K
  class space    used 4213K, capacity 4562K, committed 4608K, reserved 1048576K
}
Event: 10.993 GC heap before
{Heap before GC invocations=13 (full 2):
 PSYoungGen      total 178688K, used 2629K [0x00000000eb980000, 0x00000000fab00000, 0x0000000100000000)
  eden space 168960K, 0% used [0x00000000eb980000,0x00000000eb980000,0x00000000f5e80000)
  from space 9728K, 27% used [0x00000000f5e80000,0x00000000f6111490,0x00000000f6800000)
  to   space 9216K, 0% used [0x00000000fa200000,0x00000000fa200000,0x00000000fab00000)
 ParOldGen       total 29184K, used 15510K [0x00000000c2c00000, 0x00000000c4880000, 0x00000000eb980000)
  object space 29184K, 53% used [0x00000000c2c00000,0x00000000c3b259b8,0x00000000c4880000)
 Metaspace       used 33320K, capacity 35364K, committed 35496K, reserved 1081344K
  class space    used 4213K, capacity 4562K, committed 4608K, reserved 1048576K
Event: 11.082 GC heap after
Heap after GC invocations=13 (full 2):
 PSYoungGen      total 178688K, used 0K [0x00000000eb980000, 0x00000000fab00000, 0x0000000100000000)
  eden space 168960K, 0% used [0x00000000eb980000,0x00000000eb980000,0x00000000f5e80000)
  from space 9728K, 0% used [0x00000000f5e80000,0x00000000f5e80000,0x00000000f6800000)
  to   space 9216K, 0% used [0x00000000fa200000,0x00000000fa200000,0x00000000fab00000)
 ParOldGen       total 48128K, used 12593K [0x00000000c2c00000, 0x00000000c5b00000, 0x00000000eb980000)
  object space 48128K, 26% used [0x00000000c2c00000,0x00000000c384c428,0x00000000c5b00000)
 Metaspace       used 33320K, capacity 35364K, committed 35496K, reserved 1081344K
  class space    used 4213K, capacity 4562K, committed 4608K, reserved 1048576K
}
Event: 13.917 GC heap before
{Heap before GC invocations=14 (full 2):
 PSYoungGen      total 178688K, used 168960K [0x00000000eb980000, 0x00000000fab00000, 0x0000000100000000)
  eden space 168960K, 100% used [0x00000000eb980000,0x00000000f5e80000,0x00000000f5e80000)
  from space 9728K, 0% used [0x00000000f5e80000,0x00000000f5e80000,0x00000000f6800000)
  to   space 9216K, 0% used [0x00000000fa200000,0x00000000fa200000,0x00000000fab00000)
 ParOldGen       total 48128K, used 12593K [0x00000000c2c00000, 0x00000000c5b00000, 0x00000000eb980000)
  object space 48128K, 26% used [0x00000000c2c00000,0x00000000c384c428,0x00000000c5b00000)
 Metaspace       used 42720K, capacity 45104K, committed 45184K, reserved 1089536K
  class space    used 5608K, capacity 6014K, committed 6016K, reserved 1048576K
Event: 13.957 GC heap after
Heap after GC invocations=14 (full 2):
 PSYoungGen      total 235520K, used 9208K [0x00000000eb980000, 0x00000000fac80000, 0x0000000100000000)
  eden space 226304K, 0% used [0x00000000eb980000,0x00000000eb980000,0x00000000f9680000)
  from space 9216K, 99% used [0x00000000fa200000,0x00000000faafe1a0,0x00000000fab00000)
  to   space 11264K, 0% used [0x00000000f9680000,0x00000000f9680000,0x00000000fa180000)
 ParOldGen       total 48128K, used 14575K [0x00000000c2c00000, 0x00000000c5b00000, 0x00000000eb980000)
  object space 48128K, 30% used [0x00000000c2c00000,0x00000000c3a3bcd8,0x00000000c5b00000)
 Metaspace       used 42720K, capacity 45104K, committed 45184K, reserved 1089536K
  class space    used 5608K, capacity 6014K, committed 6016K, reserved 1048576K
}
Event: 18.922 GC heap before
{Heap before GC invocations=15 (full 2):
 PSYoungGen      total 235520K, used 228860K [0x00000000eb980000, 0x00000000fac80000, 0x0000000100000000)
  eden space 226304K, 97% used [0x00000000eb980000,0x00000000f9000ff0,0x00000000f9680000)
  from space 9216K, 99% used [0x00000000fa200000,0x00000000faafe1a0,0x00000000fab00000)
  to   space 11264K, 0% used [0x00000000f9680000,0x00000000f9680000,0x00000000fa180000)
 ParOldGen       total 48128K, used 14575K [0x00000000c2c00000, 0x00000000c5b00000, 0x00000000eb980000)
  object space 48128K, 30% used [0x00000000c2c00000,0x00000000c3a3bcd8,0x00000000c5b00000)
 Metaspace       used 56138K, capacity 58864K, committed 59136K, reserved 1099776K
  class space    used 7458K, capacity 7906K, committed 7936K, reserved 1048576K
Event: 18.956 GC heap after
Heap after GC invocations=15 (full 2):
 PSYoungGen      total 237568K, used 11243K [0x00000000eb980000, 0x00000000ffc80000, 0x0000000100000000)
  eden space 226304K, 0% used [0x00000000eb980000,0x00000000eb980000,0x00000000f9680000)
  from space 11264K, 99% used [0x00000000f9680000,0x00000000fa17ad80,0x00000000fa180000)
  to   space 16384K, 0% used [0x00000000fec80000,0x00000000fec80000,0x00000000ffc80000)
 ParOldGen       total 48128K, used 23819K [0x00000000c2c00000, 0x00000000c5b00000, 0x00000000eb980000)
  object space 48128K, 49% used [0x00000000c2c00000,0x00000000c4342fe0,0x00000000c5b00000)
 Metaspace       used 56138K, capacity 58864K, committed 59136K, reserved 1099776K
  class space    used 7458K, capacity 7906K, committed 7936K, reserved 1048576K
}
Event: 18.956 GC heap before
{Heap before GC invocations=16 (full 3):
 PSYoungGen      total 237568K, used 11243K [0x00000000eb980000, 0x00000000ffc80000, 0x0000000100000000)
  eden space 226304K, 0% used [0x00000000eb980000,0x00000000eb980000,0x00000000f9680000)
  from space 11264K, 99% used [0x00000000f9680000,0x00000000fa17ad80,0x00000000fa180000)
  to   space 16384K, 0% used [0x00000000fec80000,0x00000000fec80000,0x00000000ffc80000)
 ParOldGen       total 48128K, used 23819K [0x00000000c2c00000, 0x00000000c5b00000, 0x00000000eb980000)
  object space 48128K, 49% used [0x00000000c2c00000,0x00000000c4342fe0,0x00000000c5b00000)
 Metaspace       used 56138K, capacity 58864K, committed 59136K, reserved 1099776K
  class space    used 7458K, capacity 7906K, committed 7936K, reserved 1048576K
Event: 19.189 GC heap after
Heap after GC invocations=16 (full 3):
 PSYoungGen      total 237568K, used 0K [0x00000000eb980000, 0x00000000ffc80000, 0x0000000100000000)
  eden space 226304K, 0% used [0x00000000eb980000,0x00000000eb980000,0x00000000f9680000)
  from space 11264K, 0% used [0x00000000f9680000,0x00000000f9680000,0x00000000fa180000)
  to   space 16384K, 0% used [0x00000000fec80000,0x00000000fec80000,0x00000000ffc80000)
 ParOldGen       total 78848K, used 30299K [0x00000000c2c00000, 0x00000000c7900000, 0x00000000eb980000)
  object space 78848K, 38% used [0x00000000c2c00000,0x00000000c4996c48,0x00000000c7900000)
 Metaspace       used 56138K, capacity 58864K, committed 59136K, reserved 1099776K
  class space    used 7458K, capacity 7906K, committed 7936K, reserved 1048576K
}

Deoptimization events (10 events):
Event: 66.311 Thread 0x000000001ce97800 Uncommon trap: reason=unhandled action=none pc=0x0000000003a7e6d4 method=java.net.URLClassLoader.findClass(Ljava/lang/String;)Ljava/lang/Class; @ 44
Event: 66.312 Thread 0x000000001ce97800 Uncommon trap: reason=unhandled action=none pc=0x0000000003a7e6d4 method=java.net.URLClassLoader.findClass(Ljava/lang/String;)Ljava/lang/Class; @ 44
Event: 66.315 Thread 0x000000001ce97800 Uncommon trap: reason=unhandled action=none pc=0x0000000003a7e6d4 method=java.net.URLClassLoader.findClass(Ljava/lang/String;)Ljava/lang/Class; @ 44
Event: 66.318 Thread 0x000000001ce97800 Uncommon trap: reason=unhandled action=none pc=0x0000000003a7e6d4 method=java.net.URLClassLoader.findClass(Ljava/lang/String;)Ljava/lang/Class; @ 44
Event: 66.327 Thread 0x000000001ce97800 Uncommon trap: reason=unhandled action=none pc=0x0000000003a7e6d4 method=java.net.URLClassLoader.findClass(Ljava/lang/String;)Ljava/lang/Class; @ 44
Event: 66.338 Thread 0x000000001ce97800 Uncommon trap: reason=unhandled action=none pc=0x0000000003a7e6d4 method=java.net.URLClassLoader.findClass(Ljava/lang/String;)Ljava/lang/Class; @ 44
Event: 66.345 Thread 0x000000001ce97800 Uncommon trap: reason=unhandled action=none pc=0x0000000003a7e6d4 method=java.net.URLClassLoader.findClass(Ljava/lang/String;)Ljava/lang/Class; @ 44
Event: 66.348 Thread 0x000000001ce97800 Uncommon trap: reason=unhandled action=none pc=0x0000000003a7e6d4 method=java.net.URLClassLoader.findClass(Ljava/lang/String;)Ljava/lang/Class; @ 44
Event: 66.354 Thread 0x000000001ce97800 Uncommon trap: reason=unhandled action=none pc=0x0000000003a7e6d4 method=java.net.URLClassLoader.findClass(Ljava/lang/String;)Ljava/lang/Class; @ 44
Event: 187.437 Thread 0x000000001ce94800 Uncommon trap: reason=unstable_if action=reinterpret pc=0x0000000002f35230 method=java.lang.Class.reflectionData()Ljava/lang/Class$ReflectionData; @ 37

Classes redefined (5 events):
Event: 57.974 Thread 0x00000000151d7800 redefined class name=com.douineau.testspringboot.controller.api.GenericApiController, count=1
Event: 155.031 Thread 0x00000000151d7800 redefined class name=com.douineau.testspringboot.controller.api.GenericApiController, count=2
Event: 166.714 Thread 0x00000000151d7800 redefined class name=com.douineau.testspringboot.controller.api.GenericApiController, count=3
Event: 174.690 Thread 0x00000000151d7800 redefined class name=com.douineau.testspringboot.controller.api.GenericApiController, count=4
Event: 182.987 Thread 0x00000000151d7800 redefined class name=com.douineau.testspringboot.controller.api.GenericApiController, count=5

Internal exceptions (10 events):
Event: 22.012 Thread 0x0000000002add800 Exception <a 'java/lang/ArrayIndexOutOfBoundsException': 91> (0x00000000efc8a8b0) thrown at [C:\jenkins\workspace\8-2-build-windows-amd64-cygwin\jdk8u251\737\hotspot\src\share\vm\interpreter\interpreterRuntime.cpp, line 368]
Event: 22.015 Thread 0x0000000002add800 Exception <a 'java/lang/reflect/InvocationTargetException'> (0x00000000efc8fea0) thrown at [C:\jenkins\workspace\8-2-build-windows-amd64-cygwin\jdk8u251\737\hotspot\src\share\vm\runtime\reflection.cpp, line 1092]
Event: 22.051 Thread 0x0000000002add800 Exception <a 'java/lang/ArrayIndexOutOfBoundsException': 91> (0x00000000efdadbf0) thrown at [C:\jenkins\workspace\8-2-build-windows-amd64-cygwin\jdk8u251\737\hotspot\src\share\vm\interpreter\interpreterRuntime.cpp, line 368]
Event: 22.054 Thread 0x0000000002add800 Exception <a 'java/lang/reflect/InvocationTargetException'> (0x00000000efdb31e0) thrown at [C:\jenkins\workspace\8-2-build-windows-amd64-cygwin\jdk8u251\737\hotspot\src\share\vm\runtime\reflection.cpp, line 1092]
Event: 22.095 Thread 0x0000000002add800 Exception <a 'java/lang/ArrayIndexOutOfBoundsException': 117> (0x00000000efe6e660) thrown at [C:\jenkins\workspace\8-2-build-windows-amd64-cygwin\jdk8u251\737\hotspot\src\share\vm\interpreter\interpreterRuntime.cpp, line 368]
Event: 22.096 Thread 0x0000000002add800 Exception <a 'java/lang/ArrayIndexOutOfBoundsException': 128> (0x00000000efe70b50) thrown at [C:\jenkins\workspace\8-2-build-windows-amd64-cygwin\jdk8u251\737\hotspot\src\share\vm\interpreter\interpreterRuntime.cpp, line 368]
Event: 22.141 Thread 0x0000000002add800 Exception <a 'java/lang/ArrayIndexOutOfBoundsException': 129> (0x00000000efe8aed8) thrown at [C:\jenkins\workspace\8-2-build-windows-amd64-cygwin\jdk8u251\737\hotspot\src\share\vm\interpreter\interpreterRuntime.cpp, line 368]
Event: 39.552 Thread 0x000000001ce97800 Exception <a 'java/lang/ArrayIndexOutOfBoundsException': 78> (0x00000000f199a588) thrown at [C:\jenkins\workspace\8-2-build-windows-amd64-cygwin\jdk8u251\737\hotspot\src\share\vm\interpreter\interpreterRuntime.cpp, line 368]
Event: 39.587 Thread 0x000000001ce97800 Exception <a 'java/lang/ArrayIndexOutOfBoundsException': 83> (0x00000000f1ad3ed0) thrown at [C:\jenkins\workspace\8-2-build-windows-amd64-cygwin\jdk8u251\737\hotspot\src\share\vm\interpreter\interpreterRuntime.cpp, line 368]
Event: 39.821 Thread 0x000000001ce97800 Exception <a 'java/lang/ArrayIndexOutOfBoundsException': 63> (0x00000000f2256a10) thrown at [C:\jenkins\workspace\8-2-build-windows-amd64-cygwin\jdk8u251\737\hotspot\src\share\vm\interpreter\interpreterRuntime.cpp, line 368]

Events (10 events):
Event: 190.730 Executing VM operation: GetCurrentContendedMonitor done
Event: 190.730 Executing VM operation: GetOwnedMonitorInfo
Event: 190.730 Executing VM operation: GetOwnedMonitorInfo done
Event: 190.731 Executing VM operation: GetCurrentContendedMonitor
Event: 190.731 Executing VM operation: GetCurrentContendedMonitor done
Event: 190.746 Executing VM operation: GetCurrentContendedMonitor
Event: 190.746 Executing VM operation: GetCurrentContendedMonitor done
Event: 190.747 Executing VM operation: GetOwnedMonitorInfo
Event: 190.748 Executing VM operation: GetOwnedMonitorInfo done
Event: 191.416 Executing VM operation: GetOrSetLocal


Dynamic libraries:
0x00007ff7d80c0000 - 0x00007ff7d80f7000 	C:\Program Files\Java\jdk1.8.0_251\bin\javaw.exe
0x00007ffc8f620000 - 0x00007ffc8f810000 	C:\WINDOWS\SYSTEM32\ntdll.dll
0x00007ffc8ee60000 - 0x00007ffc8ef12000 	C:\WINDOWS\System32\KERNEL32.DLL
0x00007ffc8d010000 - 0x00007ffc8d2b5000 	C:\WINDOWS\System32\KERNELBASE.dll
0x00007ffc8e3c0000 - 0x00007ffc8e463000 	C:\WINDOWS\System32\ADVAPI32.dll
0x00007ffc8d7a0000 - 0x00007ffc8d83e000 	C:\WINDOWS\System32\msvcrt.dll
0x00007ffc8edc0000 - 0x00007ffc8ee57000 	C:\WINDOWS\System32\sechost.dll
0x00007ffc8d9a0000 - 0x00007ffc8dac0000 	C:\WINDOWS\System32\RPCRT4.dll
0x00007ffc8e220000 - 0x00007ffc8e3b4000 	C:\WINDOWS\System32\USER32.dll
0x00007ffc8d500000 - 0x00007ffc8d521000 	C:\WINDOWS\System32\win32u.dll
0x00007ffc8d970000 - 0x00007ffc8d996000 	C:\WINDOWS\System32\GDI32.dll
0x00007ffc8d530000 - 0x00007ffc8d6c6000 	C:\WINDOWS\System32\gdi32full.dll
0x00007ffc8d2c0000 - 0x00007ffc8d35e000 	C:\WINDOWS\System32\msvcp_win.dll
0x00007ffc8cf10000 - 0x00007ffc8d00a000 	C:\WINDOWS\System32\ucrtbase.dll
0x00007ffc75880000 - 0x00007ffc75b04000 	C:\WINDOWS\WinSxS\amd64_microsoft.windows.common-controls_6595b64144ccf1df_6.0.18362.1139_none_9e7bf2d3e4605ac6\COMCTL32.dll
0x00007ffc8ef20000 - 0x00007ffc8f255000 	C:\WINDOWS\System32\combase.dll
0x00007ffc8c610000 - 0x00007ffc8c690000 	C:\WINDOWS\System32\bcryptPrimitives.dll
0x00007ffc8d940000 - 0x00007ffc8d96e000 	C:\WINDOWS\System32\IMM32.DLL
0x0000000053c70000 - 0x0000000053d42000 	C:\Program Files\Java\jdk1.8.0_251\jre\bin\msvcr100.dll
0x0000000053e30000 - 0x00000000546db000 	C:\Program Files\Java\jdk1.8.0_251\jre\bin\server\jvm.dll
0x00007ffc8d8d0000 - 0x00007ffc8d8d8000 	C:\WINDOWS\System32\PSAPI.DLL
0x00007ffc85af0000 - 0x00007ffc85afa000 	C:\WINDOWS\SYSTEM32\VERSION.dll
0x00007ffc75410000 - 0x00007ffc75419000 	C:\WINDOWS\SYSTEM32\WSOCK32.dll
0x00007ffc8e0c0000 - 0x00007ffc8e12f000 	C:\WINDOWS\System32\WS2_32.dll
0x00007ffc89cb0000 - 0x00007ffc89cd4000 	C:\WINDOWS\SYSTEM32\WINMM.dll
0x00007ffc897e0000 - 0x00007ffc8980d000 	C:\WINDOWS\SYSTEM32\winmmbase.dll
0x00007ffc8cec0000 - 0x00007ffc8cf0a000 	C:\WINDOWS\System32\cfgmgr32.dll
0x00007ffc81ea0000 - 0x00007ffc81eaf000 	C:\Program Files\Java\jdk1.8.0_251\jre\bin\verify.dll
0x00007ffc62360000 - 0x00007ffc62389000 	C:\Program Files\Java\jdk1.8.0_251\jre\bin\java.dll
0x00007ffc7b6f0000 - 0x00007ffc7b725000 	C:\Program Files\Java\jdk1.8.0_251\jre\bin\jdwp.dll
0x00007ffc87130000 - 0x00007ffc87138000 	C:\Program Files\Java\jdk1.8.0_251\jre\bin\npt.dll
0x00007ffc7b6c0000 - 0x00007ffc7b6e3000 	C:\Program Files\Java\jdk1.8.0_251\jre\bin\instrument.dll
0x00007ffc67140000 - 0x00007ffc67156000 	C:\Program Files\Java\jdk1.8.0_251\jre\bin\zip.dll
0x00007ffc8e6d0000 - 0x00007ffc8edb7000 	C:\WINDOWS\System32\SHELL32.dll
0x00007ffc8e620000 - 0x00007ffc8e6c9000 	C:\WINDOWS\System32\shcore.dll
0x00007ffc8c690000 - 0x00007ffc8ce10000 	C:\WINDOWS\System32\windows.storage.dll
0x00007ffc8c4f0000 - 0x00007ffc8c513000 	C:\WINDOWS\System32\profapi.dll
0x00007ffc8c520000 - 0x00007ffc8c56a000 	C:\WINDOWS\System32\powrprof.dll
0x00007ffc8c4e0000 - 0x00007ffc8c4f0000 	C:\WINDOWS\System32\UMPDC.dll
0x00007ffc8e1a0000 - 0x00007ffc8e1f2000 	C:\WINDOWS\System32\shlwapi.dll
0x00007ffc8c590000 - 0x00007ffc8c5a1000 	C:\WINDOWS\System32\kernel.appcore.dll
0x00007ffc8d390000 - 0x00007ffc8d3a7000 	C:\WINDOWS\System32\cryptsp.dll
0x00007ffc81fe0000 - 0x00007ffc81fe9000 	C:\Program Files\Java\jdk1.8.0_251\jre\bin\dt_socket.dll
0x00007ffc71a00000 - 0x00007ffc71a16000 	C:\WINDOWS\system32\napinsp.dll
0x00007ffc71530000 - 0x00007ffc7154a000 	C:\WINDOWS\system32\pnrpnsp.dll
0x00007ffc8bcd0000 - 0x00007ffc8bd37000 	C:\WINDOWS\System32\mswsock.dll
0x00007ffc8ba20000 - 0x00007ffc8baeb000 	C:\WINDOWS\SYSTEM32\DNSAPI.dll
0x00007ffc8d840000 - 0x00007ffc8d848000 	C:\WINDOWS\System32\NSI.dll
0x00007ffc8b9e0000 - 0x00007ffc8ba1a000 	C:\WINDOWS\SYSTEM32\IPHLPAPI.DLL
0x00007ffc714c0000 - 0x00007ffc714ce000 	C:\WINDOWS\System32\winrnr.dll
0x00007ffc88090000 - 0x00007ffc880ac000 	C:\WINDOWS\system32\NLAapi.dll
0x00007ffc86f30000 - 0x00007ffc86f45000 	C:\WINDOWS\system32\wshbth.dll
0x00007ffc813a0000 - 0x00007ffc81417000 	C:\WINDOWS\System32\fwpuclnt.dll
0x00007ffc8d360000 - 0x00007ffc8d386000 	C:\WINDOWS\System32\bcrypt.dll
0x00007ffc79700000 - 0x00007ffc7970a000 	C:\Windows\System32\rasadhlp.dll
0x00007ffc89f90000 - 0x00007ffc89f9d000 	C:\Program Files\Java\jdk1.8.0_251\jre\bin\management.dll
0x00007ffc66f40000 - 0x00007ffc66f5a000 	C:\Program Files\Java\jdk1.8.0_251\jre\bin\net.dll
0x00007ffc66470000 - 0x00007ffc66482000 	C:\Program Files\Java\jdk1.8.0_251\jre\bin\nio.dll
0x00007ffc8b840000 - 0x00007ffc8b873000 	C:\WINDOWS\system32\rsaenh.dll
0x00007ffc8c400000 - 0x00007ffc8c425000 	C:\WINDOWS\SYSTEM32\USERENV.dll
0x00007ffc8bea0000 - 0x00007ffc8beac000 	C:\WINDOWS\SYSTEM32\CRYPTBASE.dll
0x00007ffc82190000 - 0x00007ffc821a6000 	C:\WINDOWS\SYSTEM32\dhcpcsvc6.DLL
0x00007ffc82950000 - 0x00007ffc8296c000 	C:\WINDOWS\SYSTEM32\dhcpcsvc.DLL
0x00007ffc79380000 - 0x00007ffc793a4000 	C:\Program Files\Java\jdk1.8.0_251\jre\bin\sunec.dll
0x00007ffc89fd0000 - 0x00007ffc89fdc000 	C:\Program Files\Java\jdk1.8.0_251\jre\bin\sunmscapi.dll
0x00007ffc8d3b0000 - 0x00007ffc8d4f9000 	C:\WINDOWS\System32\CRYPT32.dll
0x00007ffc8c570000 - 0x00007ffc8c582000 	C:\WINDOWS\System32\MSASN1.dll
0x00007ffc8bfa0000 - 0x00007ffc8bfc6000 	C:\WINDOWS\SYSTEM32\ncrypt.dll
0x00007ffc8bf60000 - 0x00007ffc8bf9b000 	C:\WINDOWS\SYSTEM32\NTASN1.dll

VM Arguments:
jvm_args: -agentlib:jdwp=transport=dt_socket,suspend=y,address=localhost:56512 -javaagent:C:\Users\josselin.douineau\eclipse\jee-2020-03\eclipse\configuration\org.eclipse.osgi\411\0\.cp\lib\javaagent-shaded.jar -Dfile.encoding=UTF-8 
java_command: com.douineau.testspringboot.TestSpringbootApplication
java_class_path (initial): C:\Users\josselin.douineau\projects\test-springboot\target\classes;C:\Users\josselin.douineau\.m2\repository\org\springframework\boot\spring-boot-starter-data-jpa\2.4.0\spring-boot-starter-data-jpa-2.4.0.jar;C:\Users\josselin.douineau\.m2\repository\org\springframework\boot\spring-boot-starter-aop\2.4.0\spring-boot-starter-aop-2.4.0.jar;C:\Users\josselin.douineau\.m2\repository\org\aspectj\aspectjweaver\1.9.6\aspectjweaver-1.9.6.jar;C:\Users\josselin.douineau\.m2\repository\org\springframework\boot\spring-boot-starter-jdbc\2.4.0\spring-boot-starter-jdbc-2.4.0.jar;C:\Users\josselin.douineau\.m2\repository\com\zaxxer\HikariCP\3.4.5\HikariCP-3.4.5.jar;C:\Users\josselin.douineau\.m2\repository\org\springframework\spring-jdbc\5.3.1\spring-jdbc-5.3.1.jar;C:\Users\josselin.douineau\.m2\repository\jakarta\transaction\jakarta.transaction-api\1.3.3\jakarta.transaction-api-1.3.3.jar;C:\Users\josselin.douineau\.m2\repository\jakarta\persistence\jakarta.persistence-api\2.2.3\jakarta.persistence-api-2.2.3.jar;C:\Users\josselin.douineau\.m2\repository\org\hibernate\hibernate-core\5.4.23.Final\hibernate-core-5.4.23.Final.jar;C:\Users\josselin.douineau\.m2\repository\org\jboss\logging\jboss-logging\3.4.1.Final\jboss-logging-3.4.1.Final.jar;C:\Users\josselin.douineau\.m2\repository\org\javassist\javassist\3.24.0-GA\javassist-3.24.0-GA.jar;C:\Users\josselin.douineau\.m2\repository\net\bytebuddy\byte-buddy\1.10.18\byte-buddy-1.10.18.jar;C:\Users\josselin.douineau\.m2\repository\antlr\antlr\2.7.7\antlr-2.7.7.jar;C:\Users\josselin.douineau\.m2\repository\org\jboss\jandex\2.1.3.Final\jandex-2.1.3.Final.jar;C:\Users\josselin.douineau\.m2\repository\com\fasterxml\classmate\1.5.1\classmate-1.5.1.jar;C:\Users\josselin.douineau\.m2\repository\org\dom4j\dom4j\2.1.3\dom4j-2.1.3.jar;C:\Users\josselin.douineau\.m2\repository\org\hibernate\common\hibernate-commons-annotations\5.1.2.Final\hibernate-commons-annotations-5.1.2.Final.jar;C:\Users\josselin.douineau\.m2\reposi
Launcher Type: SUN_STANDARD

Environment Variables:
JAVA_HOME=C:\Program Files\Java\jdk1.8.0_251
PATH=C:\Program Files\Java\jdk1.8.0_251\jre\bin;C:/Program Files/Java/jdk1.8.0_251/bin/../jre/bin/server;C:/Program Files/Java/jdk1.8.0_251/bin/../jre/bin;C:/Program Files/Java/jdk1.8.0_251/bin/../jre/lib/amd64;C:\Program Files\Java\jdk1.8.0_251\bin;C:\Program Files\JetBrains\IntelliJ IDEA 2020.1.1\bin;;C:\Program Files\Git\bin;C:\Program Files\apache-maven-3.6.3\bin;C:\Users\josselin.douineau\Desktop;
USERNAME=josselin.douineau
OS=Windows_NT
PROCESSOR_IDENTIFIER=Intel64 Family 6 Model 122 Stepping 1, GenuineIntel



---------------  S Y S T E M  ---------------

OS: Windows 10.0 , 64 bit Build 18362 (10.0.18362.1110)

CPU:total 4 (initial active 4) (4 cores per cpu, 1 threads per core) family 6 model 122 stepping 1, cmov, cx8, fxsr, mmx, sse, sse2, sse3, ssse3, sse4.1, sse4.2, popcnt, aes, clmul, erms, 3dnowpref, tsc, tscinvbit

Memory: 4k page, physical 4011892k(384204k free), swap 10932152k(2774316k free)

vm_info: Java HotSpot(TM) 64-Bit Server VM (25.251-b08) for windows-amd64 JRE (1.8.0_251-b08), built on Mar 12 2020 06:31:49 by "" with MS VC++ 10.0 (VS2010)

time: Wed Dec 02 19:15:05 2020
timezone: Paris, Madrid
elapsed time: 191 seconds (0d 0h 3m 11s)

