2020-12-13 14:29:45,270 ERROR org.springframework.boot.SpringApplication [main] Application run failed
java.lang.IllegalStateException: java.lang.IllegalStateException: Logback configuration error detected: 
ERROR in ch.qos.logback.core.joran.spi.Interpreter@10:13 - no applicable action for [encoder], current ElementPath  is [[configuration][appender][layout][encoder]]
ERROR in ch.qos.logback.core.joran.spi.Interpreter@11:14 - no applicable action for [charset], current ElementPath  is [[configuration][appender][layout][encoder][charset]]
ERROR in ch.qos.logback.core.joran.spi.Interpreter@23:13 - no applicable action for [encoder], current ElementPath  is [[configuration][appender][layout][encoder]]
ERROR in ch.qos.logback.core.joran.spi.Interpreter@24:14 - no applicable action for [charset], current ElementPath  is [[configuration][appender][layout][encoder][charset]]
	at org.springframework.boot.context.logging.LoggingApplicationListener.initializeSystem(LoggingApplicationListener.java:327)
	at org.springframework.boot.context.logging.LoggingApplicationListener.initialize(LoggingApplicationListener.java:281)
	at org.springframework.boot.context.logging.LoggingApplicationListener.onApplicationEnvironmentPreparedEvent(LoggingApplicationListener.java:239)
	at org.springframework.boot.context.logging.LoggingApplicationListener.onApplicationEvent(LoggingApplicationListener.java:216)
	at org.springframework.context.event.SimpleApplicationEventMulticaster.doInvokeListener(SimpleApplicationEventMulticaster.java:203)
	at org.springframework.context.event.SimpleApplicationEventMulticaster.invokeListener(SimpleApplicationEventMulticaster.java:196)
	at org.springframework.context.event.SimpleApplicationEventMulticaster.multicastEvent(SimpleApplicationEventMulticaster.java:170)
	at org.springframework.context.event.SimpleApplicationEventMulticaster.multicastEvent(SimpleApplicationEventMulticaster.java:148)
	at org.springframework.boot.context.event.EventPublishingRunListener.environmentPrepared(EventPublishingRunListener.java:82)
	at org.springframework.boot.SpringApplicationRunListeners.lambda$environmentPrepared$2(SpringApplicationRunListeners.java:63)
	at java.util.ArrayList.forEach(ArrayList.java:1257)
	at org.springframework.boot.SpringApplicationRunListeners.doWithListeners(SpringApplicationRunListeners.java:117)
	at org.springframework.boot.SpringApplicationRunListeners.doWithListeners(SpringApplicationRunListeners.java:111)
	at org.springframework.boot.SpringApplicationRunListeners.environmentPrepared(SpringApplicationRunListeners.java:62)
	at org.springframework.boot.SpringApplication.prepareEnvironment(SpringApplication.java:362)
	at org.springframework.boot.SpringApplication.run(SpringApplication.java:320)
	at org.springframework.boot.SpringApplication.run(SpringApplication.java:1309)
	at org.springframework.boot.SpringApplication.run(SpringApplication.java:1298)
	at com.douineau.JossSpringbootApplication.main(JossSpringbootApplication.java:20)
Caused by: java.lang.IllegalStateException: Logback configuration error detected: 
ERROR in ch.qos.logback.core.joran.spi.Interpreter@10:13 - no applicable action for [encoder], current ElementPath  is [[configuration][appender][layout][encoder]]
ERROR in ch.qos.logback.core.joran.spi.Interpreter@11:14 - no applicable action for [charset], current ElementPath  is [[configuration][appender][layout][encoder][charset]]
ERROR in ch.qos.logback.core.joran.spi.Interpreter@23:13 - no applicable action for [encoder], current ElementPath  is [[configuration][appender][layout][encoder]]
ERROR in ch.qos.logback.core.joran.spi.Interpreter@24:14 - no applicable action for [charset], current ElementPath  is [[configuration][appender][layout][encoder][charset]]
	at org.springframework.boot.logging.logback.LogbackLoggingSystem.loadConfiguration(LogbackLoggingSystem.java:175)
	at org.springframework.boot.logging.logback.LogbackLoggingSystem.reinitialize(LogbackLoggingSystem.java:228)
	at org.springframework.boot.logging.AbstractLoggingSystem.initializeWithConventions(AbstractLoggingSystem.java:73)
	at org.springframework.boot.logging.AbstractLoggingSystem.initialize(AbstractLoggingSystem.java:60)
	at org.springframework.boot.logging.logback.LogbackLoggingSystem.initialize(LogbackLoggingSystem.java:131)
	at org.springframework.boot.context.logging.LoggingApplicationListener.initializeSystem(LoggingApplicationListener.java:312)
	... 18 common frames omitted
2020-12-13 14:31:16,712 ERROR org.springframework.boot.SpringApplication [main] Application run failed
java.lang.IllegalStateException: java.lang.IllegalStateException: Logback configuration error detected: 
ERROR in ch.qos.logback.core.joran.spi.Interpreter@10:13 - no applicable action for [encoder], current ElementPath  is [[configuration][appender][layout][encoder]]
ERROR in ch.qos.logback.core.joran.spi.Interpreter@11:14 - no applicable action for [charset], current ElementPath  is [[configuration][appender][layout][encoder][charset]]
ERROR in ch.qos.logback.core.joran.spi.Interpreter@23:13 - no applicable action for [encoder], current ElementPath  is [[configuration][appender][layout][encoder]]
ERROR in ch.qos.logback.core.joran.spi.Interpreter@24:14 - no applicable action for [charset], current ElementPath  is [[configuration][appender][layout][encoder][charset]]
	at org.springframework.boot.context.logging.LoggingApplicationListener.initializeSystem(LoggingApplicationListener.java:327)
	at org.springframework.boot.context.logging.LoggingApplicationListener.initialize(LoggingApplicationListener.java:281)
	at org.springframework.boot.context.logging.LoggingApplicationListener.onApplicationEnvironmentPreparedEvent(LoggingApplicationListener.java:239)
	at org.springframework.boot.context.logging.LoggingApplicationListener.onApplicationEvent(LoggingApplicationListener.java:216)
	at org.springframework.context.event.SimpleApplicationEventMulticaster.doInvokeListener(SimpleApplicationEventMulticaster.java:203)
	at org.springframework.context.event.SimpleApplicationEventMulticaster.invokeListener(SimpleApplicationEventMulticaster.java:196)
	at org.springframework.context.event.SimpleApplicationEventMulticaster.multicastEvent(SimpleApplicationEventMulticaster.java:170)
	at org.springframework.context.event.SimpleApplicationEventMulticaster.multicastEvent(SimpleApplicationEventMulticaster.java:148)
	at org.springframework.boot.context.event.EventPublishingRunListener.environmentPrepared(EventPublishingRunListener.java:82)
	at org.springframework.boot.SpringApplicationRunListeners.lambda$environmentPrepared$2(SpringApplicationRunListeners.java:63)
	at java.util.ArrayList.forEach(ArrayList.java:1257)
	at org.springframework.boot.SpringApplicationRunListeners.doWithListeners(SpringApplicationRunListeners.java:117)
	at org.springframework.boot.SpringApplicationRunListeners.doWithListeners(SpringApplicationRunListeners.java:111)
	at org.springframework.boot.SpringApplicationRunListeners.environmentPrepared(SpringApplicationRunListeners.java:62)
	at org.springframework.boot.SpringApplication.prepareEnvironment(SpringApplication.java:362)
	at org.springframework.boot.SpringApplication.run(SpringApplication.java:320)
	at org.springframework.boot.SpringApplication.run(SpringApplication.java:1309)
	at org.springframework.boot.SpringApplication.run(SpringApplication.java:1298)
	at com.douineau.JossSpringbootApplication.main(JossSpringbootApplication.java:20)
Caused by: java.lang.IllegalStateException: Logback configuration error detected: 
ERROR in ch.qos.logback.core.joran.spi.Interpreter@10:13 - no applicable action for [encoder], current ElementPath  is [[configuration][appender][layout][encoder]]
ERROR in ch.qos.logback.core.joran.spi.Interpreter@11:14 - no applicable action for [charset], current ElementPath  is [[configuration][appender][layout][encoder][charset]]
ERROR in ch.qos.logback.core.joran.spi.Interpreter@23:13 - no applicable action for [encoder], current ElementPath  is [[configuration][appender][layout][encoder]]
ERROR in ch.qos.logback.core.joran.spi.Interpreter@24:14 - no applicable action for [charset], current ElementPath  is [[configuration][appender][layout][encoder][charset]]
	at org.springframework.boot.logging.logback.LogbackLoggingSystem.loadConfiguration(LogbackLoggingSystem.java:175)
	at org.springframework.boot.logging.logback.LogbackLoggingSystem.reinitialize(LogbackLoggingSystem.java:228)
	at org.springframework.boot.logging.AbstractLoggingSystem.initializeWithConventions(AbstractLoggingSystem.java:73)
	at org.springframework.boot.logging.AbstractLoggingSystem.initialize(AbstractLoggingSystem.java:60)
	at org.springframework.boot.logging.logback.LogbackLoggingSystem.initialize(LogbackLoggingSystem.java:131)
	at org.springframework.boot.context.logging.LoggingApplicationListener.initializeSystem(LoggingApplicationListener.java:312)
	... 18 common frames omitted
2020-12-13 14:36:02,457 ERROR org.springframework.boot.SpringApplication [main] Application run failed
java.lang.IllegalStateException: java.lang.IllegalStateException: Logback configuration error detected: 
ERROR in ch.qos.logback.classic.PatternLayout("null") - Empty or null pattern.
ERROR in ch.qos.logback.core.joran.spi.Interpreter@12:12 - no applicable action for [Pattern], current ElementPath  is [[configuration][appender][Pattern]]
ERROR in ch.qos.logback.classic.PatternLayout("null") - Empty or null pattern.
ERROR in ch.qos.logback.core.joran.spi.Interpreter@23:12 - no applicable action for [Pattern], current ElementPath  is [[configuration][appender][Pattern]]
	at org.springframework.boot.context.logging.LoggingApplicationListener.initializeSystem(LoggingApplicationListener.java:327)
	at org.springframework.boot.context.logging.LoggingApplicationListener.initialize(LoggingApplicationListener.java:281)
	at org.springframework.boot.context.logging.LoggingApplicationListener.onApplicationEnvironmentPreparedEvent(LoggingApplicationListener.java:239)
	at org.springframework.boot.context.logging.LoggingApplicationListener.onApplicationEvent(LoggingApplicationListener.java:216)
	at org.springframework.context.event.SimpleApplicationEventMulticaster.doInvokeListener(SimpleApplicationEventMulticaster.java:203)
	at org.springframework.context.event.SimpleApplicationEventMulticaster.invokeListener(SimpleApplicationEventMulticaster.java:196)
	at org.springframework.context.event.SimpleApplicationEventMulticaster.multicastEvent(SimpleApplicationEventMulticaster.java:170)
	at org.springframework.context.event.SimpleApplicationEventMulticaster.multicastEvent(SimpleApplicationEventMulticaster.java:148)
	at org.springframework.boot.context.event.EventPublishingRunListener.environmentPrepared(EventPublishingRunListener.java:82)
	at org.springframework.boot.SpringApplicationRunListeners.lambda$environmentPrepared$2(SpringApplicationRunListeners.java:63)
	at java.util.ArrayList.forEach(ArrayList.java:1257)
	at org.springframework.boot.SpringApplicationRunListeners.doWithListeners(SpringApplicationRunListeners.java:117)
	at org.springframework.boot.SpringApplicationRunListeners.doWithListeners(SpringApplicationRunListeners.java:111)
	at org.springframework.boot.SpringApplicationRunListeners.environmentPrepared(SpringApplicationRunListeners.java:62)
	at org.springframework.boot.SpringApplication.prepareEnvironment(SpringApplication.java:362)
	at org.springframework.boot.SpringApplication.run(SpringApplication.java:320)
	at org.springframework.boot.SpringApplication.run(SpringApplication.java:1309)
	at org.springframework.boot.SpringApplication.run(SpringApplication.java:1298)
	at com.douineau.JossSpringbootApplication.main(JossSpringbootApplication.java:20)
Caused by: java.lang.IllegalStateException: Logback configuration error detected: 
ERROR in ch.qos.logback.classic.PatternLayout("null") - Empty or null pattern.
ERROR in ch.qos.logback.core.joran.spi.Interpreter@12:12 - no applicable action for [Pattern], current ElementPath  is [[configuration][appender][Pattern]]
ERROR in ch.qos.logback.classic.PatternLayout("null") - Empty or null pattern.
ERROR in ch.qos.logback.core.joran.spi.Interpreter@23:12 - no applicable action for [Pattern], current ElementPath  is [[configuration][appender][Pattern]]
	at org.springframework.boot.logging.logback.LogbackLoggingSystem.loadConfiguration(LogbackLoggingSystem.java:175)
	at org.springframework.boot.logging.logback.LogbackLoggingSystem.reinitialize(LogbackLoggingSystem.java:228)
	at org.springframework.boot.logging.AbstractLoggingSystem.initializeWithConventions(AbstractLoggingSystem.java:73)
	at org.springframework.boot.logging.AbstractLoggingSystem.initialize(AbstractLoggingSystem.java:60)
	at org.springframework.boot.logging.logback.LogbackLoggingSystem.initialize(LogbackLoggingSystem.java:131)
	at org.springframework.boot.context.logging.LoggingApplicationListener.initializeSystem(LoggingApplicationListener.java:312)
	... 18 common frames omitted
Application run failed
java.lang.IllegalStateException: java.lang.IllegalStateException: Logback configuration error detected: 
ERROR in ch.qos.logback.core.joran.spi.Interpreter@29:63 - no applicable action for [rollingPolicy], current ElementPath  is [[configuration][appender][rollingPolicy]]
ERROR in ch.qos.logback.core.joran.spi.Interpreter@31:21 - no applicable action for [fileNamePattern], current ElementPath  is [[configuration][appender][rollingPolicy][fileNamePattern]]
ERROR in ch.qos.logback.core.joran.spi.Interpreter@33:25 - no applicable action for [cleanHistoryOnStart], current ElementPath  is [[configuration][appender][rollingPolicy][cleanHistoryOnStart]]
ERROR in ch.qos.logback.core.joran.spi.Interpreter@34:16 - no applicable action for [maxHistory], current ElementPath  is [[configuration][appender][rollingPolicy][maxHistory]]
ERROR in ch.qos.logback.core.joran.spi.Interpreter@35:18 - no applicable action for [totalSizeCap], current ElementPath  is [[configuration][appender][rollingPolicy][totalSizeCap]]
ERROR in ch.qos.logback.core.joran.spi.Interpreter@37:63 - no applicable action for [timeBasedFileNamingAndTriggeringPolicy], current ElementPath  is [[configuration][appender][rollingPolicy][timeBasedFileNamingAndTriggeringPolicy]]
ERROR in ch.qos.logback.core.joran.spi.Interpreter@39:18 - no applicable action for [maxFileSize], current ElementPath  is [[configuration][appender][rollingPolicy][timeBasedFileNamingAndTriggeringPolicy][maxFileSize]]
	at org.springframework.boot.context.logging.LoggingApplicationListener.initializeSystem(LoggingApplicationListener.java:327)
	at org.springframework.boot.context.logging.LoggingApplicationListener.initialize(LoggingApplicationListener.java:281)
	at org.springframework.boot.context.logging.LoggingApplicationListener.onApplicationEnvironmentPreparedEvent(LoggingApplicationListener.java:239)
	at org.springframework.boot.context.logging.LoggingApplicationListener.onApplicationEvent(LoggingApplicationListener.java:216)
	at org.springframework.context.event.SimpleApplicationEventMulticaster.doInvokeListener(SimpleApplicationEventMulticaster.java:203)
	at org.springframework.context.event.SimpleApplicationEventMulticaster.invokeListener(SimpleApplicationEventMulticaster.java:196)
	at org.springframework.context.event.SimpleApplicationEventMulticaster.multicastEvent(SimpleApplicationEventMulticaster.java:170)
	at org.springframework.context.event.SimpleApplicationEventMulticaster.multicastEvent(SimpleApplicationEventMulticaster.java:148)
	at org.springframework.boot.context.event.EventPublishingRunListener.environmentPrepared(EventPublishingRunListener.java:82)
	at org.springframework.boot.SpringApplicationRunListeners.lambda$environmentPrepared$2(SpringApplicationRunListeners.java:63)
	at java.util.ArrayList.forEach(ArrayList.java:1257)
	at org.springframework.boot.SpringApplicationRunListeners.doWithListeners(SpringApplicationRunListeners.java:117)
	at org.springframework.boot.SpringApplicationRunListeners.doWithListeners(SpringApplicationRunListeners.java:111)
	at org.springframework.boot.SpringApplicationRunListeners.environmentPrepared(SpringApplicationRunListeners.java:62)
	at org.springframework.boot.SpringApplication.prepareEnvironment(SpringApplication.java:362)
	at org.springframework.boot.SpringApplication.run(SpringApplication.java:320)
	at org.springframework.boot.SpringApplication.run(SpringApplication.java:1309)
	at org.springframework.boot.SpringApplication.run(SpringApplication.java:1298)
	at com.douineau.JossSpringbootApplication.main(JossSpringbootApplication.java:20)
Caused by: java.lang.IllegalStateException: Logback configuration error detected: 
ERROR in ch.qos.logback.core.joran.spi.Interpreter@29:63 - no applicable action for [rollingPolicy], current ElementPath  is [[configuration][appender][rollingPolicy]]
ERROR in ch.qos.logback.core.joran.spi.Interpreter@31:21 - no applicable action for [fileNamePattern], current ElementPath  is [[configuration][appender][rollingPolicy][fileNamePattern]]
ERROR in ch.qos.logback.core.joran.spi.Interpreter@33:25 - no applicable action for [cleanHistoryOnStart], current ElementPath  is [[configuration][appender][rollingPolicy][cleanHistoryOnStart]]
ERROR in ch.qos.logback.core.joran.spi.Interpreter@34:16 - no applicable action for [maxHistory], current ElementPath  is [[configuration][appender][rollingPolicy][maxHistory]]
ERROR in ch.qos.logback.core.joran.spi.Interpreter@35:18 - no applicable action for [totalSizeCap], current ElementPath  is [[configuration][appender][rollingPolicy][totalSizeCap]]
ERROR in ch.qos.logback.core.joran.spi.Interpreter@37:63 - no applicable action for [timeBasedFileNamingAndTriggeringPolicy], current ElementPath  is [[configuration][appender][rollingPolicy][timeBasedFileNamingAndTriggeringPolicy]]
ERROR in ch.qos.logback.core.joran.spi.Interpreter@39:18 - no applicable action for [maxFileSize], current ElementPath  is [[configuration][appender][rollingPolicy][timeBasedFileNamingAndTriggeringPolicy][maxFileSize]]
	at org.springframework.boot.logging.logback.LogbackLoggingSystem.loadConfiguration(LogbackLoggingSystem.java:175)
	at org.springframework.boot.logging.logback.LogbackLoggingSystem.reinitialize(LogbackLoggingSystem.java:228)
	at org.springframework.boot.logging.AbstractLoggingSystem.initializeWithConventions(AbstractLoggingSystem.java:73)
	at org.springframework.boot.logging.AbstractLoggingSystem.initialize(AbstractLoggingSystem.java:60)
	at org.springframework.boot.logging.logback.LogbackLoggingSystem.initialize(LogbackLoggingSystem.java:131)
	at org.springframework.boot.context.logging.LoggingApplicationListener.initializeSystem(LoggingApplicationListener.java:312)
	... 18 common frames omitted
Starting JossSpringbootApplication using Java 1.8.0_251 on LAPTOP-S0LJ880C with PID 13856 (C:\Users\josselin.douineau\projects\springboot-ioc-web-data-security-aop-batch\target\classes started by josselin.douineau in C:\Users\josselin.douineau\projects\springboot-ioc-web-data-security-aop-batch)
The following profiles are active: dev
Bootstrapping Spring Data JPA repositories in DEFERRED mode.
Finished Spring Data repository scanning in 175 ms. Found 6 JPA repository interfaces.
Tomcat initialized with port(s): 8080 (http)
Initializing ProtocolHandler ["http-nio-8080"]
Starting service [Tomcat]
Starting Servlet engine: [Apache Tomcat/9.0.39]
Initializing Spring embedded WebApplicationContext
Root WebApplicationContext: initialization completed in 3705 ms
Initializing ExecutorService 'applicationTaskExecutor'
HHH000204: Processing PersistenceUnitInfo [name: default]
HHH000412: Hibernate ORM core version 5.4.23.Final
spring.jpa.open-in-view is enabled by default. Therefore, database queries may be performed during view rendering. Explicitly configure spring.jpa.open-in-view to disable this warning
HCANN000001: Hibernate Commons Annotations {5.1.2.Final}
HikariPool-1 - Starting...
Will secure any request with [org.springframework.security.web.context.request.async.WebAsyncManagerIntegrationFilter@cdb2d95, org.springframework.security.web.context.SecurityContextPersistenceFilter@5b9396d3, org.springframework.security.web.header.HeaderWriterFilter@1e469dfd, org.springframework.security.web.authentication.logout.LogoutFilter@48528634, com.douineau.security.jwt.JwtAuthenticationFilter@122d6c22, com.douineau.security.jwt.JwtTokenVerifierFilter@2f5ac102, org.springframework.security.web.savedrequest.RequestCacheAwareFilter@6a472566, org.springframework.security.web.servletapi.SecurityContextHolderAwareRequestFilter@34d52ecd, org.springframework.security.web.authentication.AnonymousAuthenticationFilter@5df778c3, org.springframework.security.web.session.SessionManagementFilter@1f7076bc, org.springframework.security.web.access.ExceptionTranslationFilter@38bb9d7a, org.springframework.security.web.access.intercept.FilterSecurityInterceptor@7a0e7ecd]
Adding welcome page template: index
Starting ProtocolHandler ["http-nio-8080"]
Tomcat started on port(s): 8080 (http) with context path ''
Triggering deferred initialization of Spring Data repositories…
HikariPool-1 - Start completed.
HHH000400: Using dialect: org.hibernate.dialect.MySQL5Dialect
HHH000490: Using JtaPlatform implementation: [org.hibernate.engine.transaction.jta.platform.internal.NoJtaPlatform]
Initialized JPA EntityManagerFactory for persistence unit 'default'
Spring Data repositories initialized!
Started JossSpringbootApplication in 11.42 seconds (JVM running for 12.452)
Closing JPA EntityManagerFactory for persistence unit 'default'
Shutting down ExecutorService 'applicationTaskExecutor'
HikariPool-1 - Shutdown initiated...
HikariPool-1 - Shutdown completed.
Starting JossSpringbootApplication using Java 1.8.0_251 on LAPTOP-S0LJ880C with PID 10260 (C:\Users\josselin.douineau\projects\springboot-ioc-web-data-security-aop-batch\target\classes started by josselin.douineau in C:\Users\josselin.douineau\projects\springboot-ioc-web-data-security-aop-batch)
The following profiles are active: prod
Bootstrapping Spring Data JPA repositories in DEFERRED mode.
Finished Spring Data repository scanning in 195 ms. Found 6 JPA repository interfaces.
Tomcat initialized with port(s): 8080 (http)
Initializing ProtocolHandler ["http-nio-8080"]
Starting service [Tomcat]
Starting Servlet engine: [Apache Tomcat/9.0.39]
Initializing Spring embedded WebApplicationContext
Root WebApplicationContext: initialization completed in 3604 ms
Initializing ExecutorService 'applicationTaskExecutor'
HHH000204: Processing PersistenceUnitInfo [name: default]
HHH000412: Hibernate ORM core version 5.4.23.Final
spring.jpa.open-in-view is enabled by default. Therefore, database queries may be performed during view rendering. Explicitly configure spring.jpa.open-in-view to disable this warning
HCANN000001: Hibernate Commons Annotations {5.1.2.Final}
HikariPool-1 - Starting...
Will secure any request with [org.springframework.security.web.context.request.async.WebAsyncManagerIntegrationFilter@255eaa6b, org.springframework.security.web.context.SecurityContextPersistenceFilter@2819c460, org.springframework.security.web.header.HeaderWriterFilter@1292071f, org.springframework.security.web.authentication.logout.LogoutFilter@6a094db2, com.douineau.security.jwt.JwtAuthenticationFilter@476fe690, com.douineau.security.jwt.JwtTokenVerifierFilter@7a0e7ecd, org.springframework.security.web.savedrequest.RequestCacheAwareFilter@38bb9d7a, org.springframework.security.web.servletapi.SecurityContextHolderAwareRequestFilter@761e788f, org.springframework.security.web.authentication.AnonymousAuthenticationFilter@54e3658c, org.springframework.security.web.session.SessionManagementFilter@b606cb6, org.springframework.security.web.access.ExceptionTranslationFilter@1a4d1ab7, org.springframework.security.web.access.intercept.FilterSecurityInterceptor@70228253]
Adding welcome page template: index
Starting ProtocolHandler ["http-nio-8080"]
Tomcat started on port(s): 8080 (http) with context path ''
Triggering deferred initialization of Spring Data repositories…
HikariPool-1 - Start completed.
HHH000400: Using dialect: org.hibernate.dialect.MySQL5Dialect
HHH000490: Using JtaPlatform implementation: [org.hibernate.engine.transaction.jta.platform.internal.NoJtaPlatform]
Initialized JPA EntityManagerFactory for persistence unit 'default'
Spring Data repositories initialized!
Started JossSpringbootApplication in 18.101 seconds (JVM running for 19.347)
Initializing Spring DispatcherServlet 'dispatcherServlet'
Initializing Servlet 'dispatcherServlet'
Completed initialization in 4 ms
From BasicLogger
